Command line invocation:
    /Applications/Xcode.app/Contents/Developer/usr/bin/xcodebuild -scheme aws-sdk-swift-Package -destination platform=macOS

Resolve Package Graph
2026-02-04 13:31:14.457 xcodebuild[55026:7019848] [MT] IDERunDestination: Supported platforms for the buildables in the current scheme is empty.


Resolved source packages:
  swift-nio-extras: https://github.com/apple/swift-nio-extras.git @ 1.32.0
  aws-crt-swift: https://github.com/awslabs/aws-crt-swift @ 0.56.1
  swift-nio: https://github.com/apple/swift-nio.git @ 2.93.0
  swift-nio-http2: https://github.com/apple/swift-nio-http2.git @ 1.39.0
  swift-algorithms: https://github.com/apple/swift-algorithms.git @ 1.2.1
  async-http-client: https://github.com/swift-server/async-http-client.git @ 1.30.3
  swift-distributed-tracing: https://github.com/apple/swift-distributed-tracing.git @ 1.3.1
  swift-nio-transport-services: https://github.com/apple/swift-nio-transport-services.git @ 1.26.0
  Thrift: https://github.com/undefinedlabs/Thrift-Swift @ 1.1.2
  swift-log: https://github.com/apple/swift-log.git @ 1.9.1
  swift-nio-ssl: https://github.com/apple/swift-nio-ssl.git @ 2.36.0
  swift-certificates: https://github.com/apple/swift-certificates.git @ 1.17.1
  swift-http-types: https://github.com/apple/swift-http-types.git @ 1.5.1
  aws-sdk-swift: /Users/antefel/aws-sdk-swift_feat-lint
  swift-async-algorithms: https://github.com/apple/swift-async-algorithms.git @ 1.1.1
  swift-metrics: https://github.com/apple/swift-metrics.git @ 2.7.1
  swift-service-lifecycle: https://github.com/swift-server/swift-service-lifecycle.git @ 2.9.1
  swift-crypto: https://github.com/apple/swift-crypto.git @ 4.2.0
  swift-system: https://github.com/apple/swift-system.git @ 1.6.4
  SwiftProtobuf: https://github.com/apple/swift-protobuf.git @ 1.33.3
  grpc-swift: https://github.com/grpc/grpc-swift.git @ 1.26.1
  swift-atomics: https://github.com/apple/swift-atomics.git @ 1.3.0
  smithy-swift: https://github.com/smithy-lang/smithy-swift @ 0.179.0
  swift-http-structured-headers: https://github.com/apple/swift-http-structured-headers.git @ 1.6.0
  Opentracing: https://github.com/undefinedlabs/opentracing-objc @ 0.5.2
  swift-argument-parser: https://github.com/apple/swift-argument-parser.git @ 1.2.3
  swift-collections: https://github.com/apple/swift-collections.git @ 1.3.0
  swift-numerics: https://github.com/apple/swift-numerics.git @ 1.1.1
  swift-asn1: https://github.com/apple/swift-asn1.git @ 1.5.1
  swift-service-context: https://github.com/apple/swift-service-context.git @ 1.2.1
  opentelemetry-swift: https://github.com/open-telemetry/opentelemetry-swift @ 1.17.1

--- xcodebuild: WARNING: Using the first of multiple matching destinations:
{ platform:macOS, arch:arm64, id:00006020-001A69D2226B401E, name:My Mac }
{ platform:macOS, arch:x86_64, id:00006020-001A69D2226B401E, name:My Mac }
{ platform:macOS, arch:arm64, variant:Mac Catalyst, id:00006020-001A69D2226B401E, name:My Mac }
{ platform:macOS, arch:x86_64, variant:Mac Catalyst, id:00006020-001A69D2226B401E, name:My Mac }
{ platform:macOS, arch:arm64, variant:DriverKit, id:00006020-001A69D2226B401E, name:My Mac }
ComputePackagePrebuildTargetDependencyGraph

Prepare packages

CreateBuildRequest

SendProjectDescription

CreateBuildOperation

ComputeTargetDependencyGraph
note: Building targets in dependency order
note: Target dependency graph (95 targets)
    Target 'AWSSDKIdentityAPI' in project 'aws-sdk-swift'
        ➜ Explicit dependency on target 'AWSSDKIdentityAPI' in project 'aws-sdk-swift'
        ➜ Explicit dependency on target 'Smithy' in project 'smithy-swift'
        ➜ Explicit dependency on target 'SmithyIdentityAPI' in project 'smithy-swift'
    Target 'AWSSDKIdentity' in project 'aws-sdk-swift'
        ➜ Explicit dependency on target 'AWSSDKIdentity' in project 'aws-sdk-swift'
        ➜ Explicit dependency on target 'AWSSDKIdentityAPI' in project 'aws-sdk-swift'
        ➜ Explicit dependency on target 'AWSSDKCommon' in project 'aws-sdk-swift'
        ➜ Explicit dependency on target 'AWSSDKChecksums' in project 'aws-sdk-swift'
        ➜ Explicit dependency on target 'AWSSDKHTTPAuth' in project 'aws-sdk-swift'
        ➜ Explicit dependency on target 'AWSSDKDynamic' in project 'aws-sdk-swift'
        ➜ Explicit dependency on target 'AWSClientRuntime' in project 'aws-sdk-swift'
        ➜ Explicit dependency on target 'InternalAWSCognitoIdentity' in project 'aws-sdk-swift'
        ➜ Explicit dependency on target 'InternalAWSSSO' in project 'aws-sdk-swift'
        ➜ Explicit dependency on target 'InternalAWSSSOOIDC' in project 'aws-sdk-swift'
        ➜ Explicit dependency on target 'InternalAWSSTS' in project 'aws-sdk-swift'
        ➜ Explicit dependency on target 'InternalAWSSignin' in project 'aws-sdk-swift'
        ➜ Explicit dependency on target 'Smithy' in project 'smithy-swift'
        ➜ Explicit dependency on target 'SmithyIdentityAPI' in project 'smithy-swift'
        ➜ Explicit dependency on target 'AwsCommonRuntimeKit' in project 'aws-crt-swift'
        ➜ Explicit dependency on target 'SmithyChecksums' in project 'smithy-swift'
        ➜ Explicit dependency on target 'SmithyHTTPAPI' in project 'smithy-swift'
        ➜ Explicit dependency on target 'SmithyHTTPAuth' in project 'smithy-swift'
        ➜ Explicit dependency on target 'ClientRuntime' in project 'smithy-swift'
        ➜ Explicit dependency on target 'SmithyIdentity' in project 'smithy-swift'
        ➜ Explicit dependency on target 'SmithyRetriesAPI' in project 'smithy-swift'
        ➜ Explicit dependency on target 'SmithyRetries' in project 'smithy-swift'
        ➜ Explicit dependency on target 'SmithyTimestamps' in project 'smithy-swift'
        ➜ Explicit dependency on target 'SmithyHTTPAuthAPI' in project 'smithy-swift'
        ➜ Explicit dependency on target 'SmithyJSON' in project 'smithy-swift'
        ➜ Explicit dependency on target 'SmithyReadWrite' in project 'smithy-swift'
        ➜ Explicit dependency on target 'SmithyFormURL' in project 'smithy-swift'
        ➜ Explicit dependency on target 'SmithyXML' in project 'smithy-swift'
    Target 'AWSSDKIdentity' in project 'aws-sdk-swift'
        ➜ Explicit dependency on target 'AWSSDKIdentityAPI' in project 'aws-sdk-swift'
        ➜ Explicit dependency on target 'AWSSDKCommon' in project 'aws-sdk-swift'
        ➜ Explicit dependency on target 'AWSSDKChecksums' in project 'aws-sdk-swift'
        ➜ Explicit dependency on target 'AWSSDKHTTPAuth' in project 'aws-sdk-swift'
        ➜ Explicit dependency on target 'AWSSDKDynamic' in project 'aws-sdk-swift'
        ➜ Explicit dependency on target 'AWSClientRuntime' in project 'aws-sdk-swift'
        ➜ Explicit dependency on target 'InternalAWSCognitoIdentity' in project 'aws-sdk-swift'
        ➜ Explicit dependency on target 'InternalAWSSSO' in project 'aws-sdk-swift'
        ➜ Explicit dependency on target 'InternalAWSSSOOIDC' in project 'aws-sdk-swift'
        ➜ Explicit dependency on target 'InternalAWSSTS' in project 'aws-sdk-swift'
        ➜ Explicit dependency on target 'InternalAWSSignin' in project 'aws-sdk-swift'
        ➜ Explicit dependency on target 'Smithy' in project 'smithy-swift'
        ➜ Explicit dependency on target 'SmithyIdentityAPI' in project 'smithy-swift'
        ➜ Explicit dependency on target 'AwsCommonRuntimeKit' in project 'aws-crt-swift'
        ➜ Explicit dependency on target 'SmithyChecksums' in project 'smithy-swift'
        ➜ Explicit dependency on target 'SmithyHTTPAPI' in project 'smithy-swift'
        ➜ Explicit dependency on target 'SmithyHTTPAuth' in project 'smithy-swift'
        ➜ Explicit dependency on target 'ClientRuntime' in project 'smithy-swift'
        ➜ Explicit dependency on target 'SmithyIdentity' in project 'smithy-swift'
        ➜ Explicit dependency on target 'SmithyRetriesAPI' in project 'smithy-swift'
        ➜ Explicit dependency on target 'SmithyRetries' in project 'smithy-swift'
        ➜ Explicit dependency on target 'SmithyTimestamps' in project 'smithy-swift'
        ➜ Explicit dependency on target 'SmithyHTTPAuthAPI' in project 'smithy-swift'
        ➜ Explicit dependency on target 'SmithyJSON' in project 'smithy-swift'
        ➜ Explicit dependency on target 'SmithyReadWrite' in project 'smithy-swift'
        ➜ Explicit dependency on target 'SmithyFormURL' in project 'smithy-swift'
        ➜ Explicit dependency on target 'SmithyXML' in project 'smithy-swift'
    Target 'InternalAWSSignin' in project 'aws-sdk-swift'
        ➜ Explicit dependency on target 'AWSSDKCommon' in project 'aws-sdk-swift'
        ➜ Explicit dependency on target 'AWSSDKIdentityAPI' in project 'aws-sdk-swift'
        ➜ Explicit dependency on target 'AWSSDKChecksums' in project 'aws-sdk-swift'
        ➜ Explicit dependency on target 'AWSSDKHTTPAuth' in project 'aws-sdk-swift'
        ➜ Explicit dependency on target 'AWSSDKDynamic' in project 'aws-sdk-swift'
        ➜ Explicit dependency on target 'AWSClientRuntime' in project 'aws-sdk-swift'
        ➜ Explicit dependency on target 'AwsCommonRuntimeKit' in project 'aws-crt-swift'
        ➜ Explicit dependency on target 'Smithy' in project 'smithy-swift'
        ➜ Explicit dependency on target 'SmithyIdentityAPI' in project 'smithy-swift'
        ➜ Explicit dependency on target 'SmithyChecksums' in project 'smithy-swift'
        ➜ Explicit dependency on target 'SmithyHTTPAPI' in project 'smithy-swift'
        ➜ Explicit dependency on target 'SmithyHTTPAuth' in project 'smithy-swift'
        ➜ Explicit dependency on target 'ClientRuntime' in project 'smithy-swift'
        ➜ Explicit dependency on target 'SmithyIdentity' in project 'smithy-swift'
        ➜ Explicit dependency on target 'SmithyRetriesAPI' in project 'smithy-swift'
        ➜ Explicit dependency on target 'SmithyRetries' in project 'smithy-swift'
        ➜ Explicit dependency on target 'SmithyTimestamps' in project 'smithy-swift'
        ➜ Explicit dependency on target 'SmithyHTTPAuthAPI' in project 'smithy-swift'
        ➜ Explicit dependency on target 'SmithyJSON' in project 'smithy-swift'
        ➜ Explicit dependency on target 'SmithyReadWrite' in project 'smithy-swift'
    Target 'InternalAWSSTS' in project 'aws-sdk-swift'
        ➜ Explicit dependency on target 'AWSSDKCommon' in project 'aws-sdk-swift'
        ➜ Explicit dependency on target 'AWSSDKIdentityAPI' in project 'aws-sdk-swift'
        ➜ Explicit dependency on target 'AWSSDKChecksums' in project 'aws-sdk-swift'
        ➜ Explicit dependency on target 'AWSSDKHTTPAuth' in project 'aws-sdk-swift'
        ➜ Explicit dependency on target 'AWSSDKDynamic' in project 'aws-sdk-swift'
        ➜ Explicit dependency on target 'AWSClientRuntime' in project 'aws-sdk-swift'
        ➜ Explicit dependency on target 'AwsCommonRuntimeKit' in project 'aws-crt-swift'
        ➜ Explicit dependency on target 'Smithy' in project 'smithy-swift'
        ➜ Explicit dependency on target 'SmithyIdentityAPI' in project 'smithy-swift'
        ➜ Explicit dependency on target 'SmithyChecksums' in project 'smithy-swift'
        ➜ Explicit dependency on target 'SmithyHTTPAPI' in project 'smithy-swift'
        ➜ Explicit dependency on target 'SmithyHTTPAuth' in project 'smithy-swift'
        ➜ Explicit dependency on target 'ClientRuntime' in project 'smithy-swift'
        ➜ Explicit dependency on target 'SmithyIdentity' in project 'smithy-swift'
        ➜ Explicit dependency on target 'SmithyRetriesAPI' in project 'smithy-swift'
        ➜ Explicit dependency on target 'SmithyRetries' in project 'smithy-swift'
        ➜ Explicit dependency on target 'SmithyTimestamps' in project 'smithy-swift'
        ➜ Explicit dependency on target 'SmithyFormURL' in project 'smithy-swift'
        ➜ Explicit dependency on target 'SmithyHTTPAuthAPI' in project 'smithy-swift'
        ➜ Explicit dependency on target 'SmithyReadWrite' in project 'smithy-swift'
        ➜ Explicit dependency on target 'SmithyXML' in project 'smithy-swift'
    Target 'SmithyXML' in project 'smithy-swift'
        ➜ Explicit dependency on target 'SmithyXML' in project 'smithy-swift'
        ➜ Explicit dependency on target 'Smithy' in project 'smithy-swift'
        ➜ Explicit dependency on target 'SmithySerialization' in project 'smithy-swift'
        ➜ Explicit dependency on target 'SmithyTimestamps' in project 'smithy-swift'
        ➜ Explicit dependency on target 'SmithyReadWrite' in project 'smithy-swift'
        ➜ Explicit dependency on target 'Logging' in project 'swift-log'
    Target 'SmithyFormURL' in project 'smithy-swift'
        ➜ Explicit dependency on target 'SmithyFormURL' in project 'smithy-swift'
        ➜ Explicit dependency on target 'Smithy' in project 'smithy-swift'
        ➜ Explicit dependency on target 'SmithyTimestamps' in project 'smithy-swift'
        ➜ Explicit dependency on target 'SmithyReadWrite' in project 'smithy-swift'
        ➜ Explicit dependency on target 'Logging' in project 'swift-log'
    Target 'InternalAWSSSOOIDC' in project 'aws-sdk-swift'
        ➜ Explicit dependency on target 'AWSSDKCommon' in project 'aws-sdk-swift'
        ➜ Explicit dependency on target 'AWSSDKIdentityAPI' in project 'aws-sdk-swift'
        ➜ Explicit dependency on target 'AWSSDKChecksums' in project 'aws-sdk-swift'
        ➜ Explicit dependency on target 'AWSSDKHTTPAuth' in project 'aws-sdk-swift'
        ➜ Explicit dependency on target 'AWSSDKDynamic' in project 'aws-sdk-swift'
        ➜ Explicit dependency on target 'AWSClientRuntime' in project 'aws-sdk-swift'
        ➜ Explicit dependency on target 'AwsCommonRuntimeKit' in project 'aws-crt-swift'
        ➜ Explicit dependency on target 'Smithy' in project 'smithy-swift'
        ➜ Explicit dependency on target 'SmithyIdentityAPI' in project 'smithy-swift'
        ➜ Explicit dependency on target 'SmithyChecksums' in project 'smithy-swift'
        ➜ Explicit dependency on target 'SmithyHTTPAPI' in project 'smithy-swift'
        ➜ Explicit dependency on target 'SmithyHTTPAuth' in project 'smithy-swift'
        ➜ Explicit dependency on target 'ClientRuntime' in project 'smithy-swift'
        ➜ Explicit dependency on target 'SmithyIdentity' in project 'smithy-swift'
        ➜ Explicit dependency on target 'SmithyRetriesAPI' in project 'smithy-swift'
        ➜ Explicit dependency on target 'SmithyRetries' in project 'smithy-swift'
        ➜ Explicit dependency on target 'SmithyTimestamps' in project 'smithy-swift'
        ➜ Explicit dependency on target 'SmithyHTTPAuthAPI' in project 'smithy-swift'
        ➜ Explicit dependency on target 'SmithyJSON' in project 'smithy-swift'
        ➜ Explicit dependency on target 'SmithyReadWrite' in project 'smithy-swift'
    Target 'InternalAWSSSO' in project 'aws-sdk-swift'
        ➜ Explicit dependency on target 'AWSSDKCommon' in project 'aws-sdk-swift'
        ➜ Explicit dependency on target 'AWSSDKIdentityAPI' in project 'aws-sdk-swift'
        ➜ Explicit dependency on target 'AWSSDKChecksums' in project 'aws-sdk-swift'
        ➜ Explicit dependency on target 'AWSSDKHTTPAuth' in project 'aws-sdk-swift'
        ➜ Explicit dependency on target 'AWSSDKDynamic' in project 'aws-sdk-swift'
        ➜ Explicit dependency on target 'AWSClientRuntime' in project 'aws-sdk-swift'
        ➜ Explicit dependency on target 'AwsCommonRuntimeKit' in project 'aws-crt-swift'
        ➜ Explicit dependency on target 'Smithy' in project 'smithy-swift'
        ➜ Explicit dependency on target 'SmithyIdentityAPI' in project 'smithy-swift'
        ➜ Explicit dependency on target 'SmithyChecksums' in project 'smithy-swift'
        ➜ Explicit dependency on target 'SmithyHTTPAPI' in project 'smithy-swift'
        ➜ Explicit dependency on target 'SmithyHTTPAuth' in project 'smithy-swift'
        ➜ Explicit dependency on target 'ClientRuntime' in project 'smithy-swift'
        ➜ Explicit dependency on target 'SmithyIdentity' in project 'smithy-swift'
        ➜ Explicit dependency on target 'SmithyRetriesAPI' in project 'smithy-swift'
        ➜ Explicit dependency on target 'SmithyRetries' in project 'smithy-swift'
        ➜ Explicit dependency on target 'SmithyTimestamps' in project 'smithy-swift'
        ➜ Explicit dependency on target 'SmithyHTTPAuthAPI' in project 'smithy-swift'
        ➜ Explicit dependency on target 'SmithyJSON' in project 'smithy-swift'
        ➜ Explicit dependency on target 'SmithyReadWrite' in project 'smithy-swift'
    Target 'InternalAWSCognitoIdentity' in project 'aws-sdk-swift'
        ➜ Explicit dependency on target 'AWSSDKCommon' in project 'aws-sdk-swift'
        ➜ Explicit dependency on target 'AWSSDKIdentityAPI' in project 'aws-sdk-swift'
        ➜ Explicit dependency on target 'AWSSDKChecksums' in project 'aws-sdk-swift'
        ➜ Explicit dependency on target 'AWSSDKHTTPAuth' in project 'aws-sdk-swift'
        ➜ Explicit dependency on target 'AWSSDKDynamic' in project 'aws-sdk-swift'
        ➜ Explicit dependency on target 'AWSClientRuntime' in project 'aws-sdk-swift'
        ➜ Explicit dependency on target 'AwsCommonRuntimeKit' in project 'aws-crt-swift'
        ➜ Explicit dependency on target 'Smithy' in project 'smithy-swift'
        ➜ Explicit dependency on target 'SmithyIdentityAPI' in project 'smithy-swift'
        ➜ Explicit dependency on target 'SmithyChecksums' in project 'smithy-swift'
        ➜ Explicit dependency on target 'SmithyHTTPAPI' in project 'smithy-swift'
        ➜ Explicit dependency on target 'SmithyHTTPAuth' in project 'smithy-swift'
        ➜ Explicit dependency on target 'ClientRuntime' in project 'smithy-swift'
        ➜ Explicit dependency on target 'SmithyIdentity' in project 'smithy-swift'
        ➜ Explicit dependency on target 'SmithyRetriesAPI' in project 'smithy-swift'
        ➜ Explicit dependency on target 'SmithyRetries' in project 'smithy-swift'
        ➜ Explicit dependency on target 'SmithyTimestamps' in project 'smithy-swift'
        ➜ Explicit dependency on target 'SmithyHTTPAuthAPI' in project 'smithy-swift'
        ➜ Explicit dependency on target 'SmithyJSON' in project 'smithy-swift'
        ➜ Explicit dependency on target 'SmithyReadWrite' in project 'smithy-swift'
    Target 'SmithyReadWrite' in project 'smithy-swift'
        ➜ Explicit dependency on target 'SmithyReadWrite' in project 'smithy-swift'
        ➜ Explicit dependency on target 'Smithy' in project 'smithy-swift'
        ➜ Explicit dependency on target 'SmithyTimestamps' in project 'smithy-swift'
        ➜ Explicit dependency on target 'Logging' in project 'swift-log'
    Target 'SmithyJSON' in project 'smithy-swift'
        ➜ Explicit dependency on target 'SmithyJSON' in project 'smithy-swift'
        ➜ Explicit dependency on target 'Smithy' in project 'smithy-swift'
        ➜ Explicit dependency on target 'SmithySerialization' in project 'smithy-swift'
        ➜ Explicit dependency on target 'SmithyTimestamps' in project 'smithy-swift'
        ➜ Explicit dependency on target 'SmithyReadWrite' in project 'smithy-swift'
        ➜ Explicit dependency on target 'Logging' in project 'swift-log'
    Target 'SmithyHTTPAuthAPI' in project 'smithy-swift'
        ➜ Explicit dependency on target 'SmithyHTTPAuthAPI' in project 'smithy-swift'
        ➜ Explicit dependency on target 'Smithy' in project 'smithy-swift'
        ➜ Explicit dependency on target 'SmithyHTTPAPI' in project 'smithy-swift'
        ➜ Explicit dependency on target 'SmithyIdentityAPI' in project 'smithy-swift'
        ➜ Explicit dependency on target 'Logging' in project 'swift-log'
    Target 'AWSSDKHTTPAuth' in project 'aws-sdk-swift'
        ➜ Explicit dependency on target 'AWSSDKHTTPAuth' in project 'aws-sdk-swift'
        ➜ Explicit dependency on target 'AWSSDKIdentityAPI' in project 'aws-sdk-swift'
        ➜ Explicit dependency on target 'AWSSDKChecksums' in project 'aws-sdk-swift'
        ➜ Explicit dependency on target 'Smithy' in project 'smithy-swift'
        ➜ Explicit dependency on target 'SmithyIdentityAPI' in project 'smithy-swift'
        ➜ Explicit dependency on target 'AwsCommonRuntimeKit' in project 'aws-crt-swift'
        ➜ Explicit dependency on target 'SmithyChecksums' in project 'smithy-swift'
        ➜ Explicit dependency on target 'SmithyHTTPAPI' in project 'smithy-swift'
        ➜ Explicit dependency on target 'SmithyHTTPAuth' in project 'smithy-swift'
    Target 'AWSSDKEventStreamsAuth' in project 'aws-sdk-swift'
        ➜ Explicit dependency on target 'AWSSDKEventStreamsAuth' in project 'aws-sdk-swift'
        ➜ Explicit dependency on target 'AWSSDKIdentityAPI' in project 'aws-sdk-swift'
        ➜ Explicit dependency on target 'AWSSDKChecksums' in project 'aws-sdk-swift'
        ➜ Explicit dependency on target 'AWSSDKHTTPAuth' in project 'aws-sdk-swift'
        ➜ Explicit dependency on target 'Smithy' in project 'smithy-swift'
        ➜ Explicit dependency on target 'SmithyIdentityAPI' in project 'smithy-swift'
        ➜ Explicit dependency on target 'AwsCommonRuntimeKit' in project 'aws-crt-swift'
        ➜ Explicit dependency on target 'SmithyChecksums' in project 'smithy-swift'
        ➜ Explicit dependency on target 'SmithyHTTPAPI' in project 'smithy-swift'
        ➜ Explicit dependency on target 'SmithyHTTPAuth' in project 'smithy-swift'
        ➜ Explicit dependency on target 'SmithyEventStreamsAPI' in project 'smithy-swift'
        ➜ Explicit dependency on target 'SmithyEventStreamsAuthAPI' in project 'smithy-swift'
        ➜ Explicit dependency on target 'SmithyEventStreams' in project 'smithy-swift'
    Target 'AWSSDKEventStreamsAuth' in project 'aws-sdk-swift'
        ➜ Explicit dependency on target 'AWSSDKIdentityAPI' in project 'aws-sdk-swift'
        ➜ Explicit dependency on target 'AWSSDKChecksums' in project 'aws-sdk-swift'
        ➜ Explicit dependency on target 'AWSSDKHTTPAuth' in project 'aws-sdk-swift'
        ➜ Explicit dependency on target 'Smithy' in project 'smithy-swift'
        ➜ Explicit dependency on target 'SmithyIdentityAPI' in project 'smithy-swift'
        ➜ Explicit dependency on target 'AwsCommonRuntimeKit' in project 'aws-crt-swift'
        ➜ Explicit dependency on target 'SmithyChecksums' in project 'smithy-swift'
        ➜ Explicit dependency on target 'SmithyHTTPAPI' in project 'smithy-swift'
        ➜ Explicit dependency on target 'SmithyHTTPAuth' in project 'smithy-swift'
        ➜ Explicit dependency on target 'SmithyEventStreamsAPI' in project 'smithy-swift'
        ➜ Explicit dependency on target 'SmithyEventStreamsAuthAPI' in project 'smithy-swift'
        ➜ Explicit dependency on target 'SmithyEventStreams' in project 'smithy-swift'
    Target 'SmithyEventStreams' in project 'smithy-swift'
        ➜ Explicit dependency on target 'SmithyEventStreams' in project 'smithy-swift'
        ➜ Explicit dependency on target 'Smithy' in project 'smithy-swift'
        ➜ Explicit dependency on target 'SmithyEventStreamsAPI' in project 'smithy-swift'
        ➜ Explicit dependency on target 'SmithyEventStreamsAuthAPI' in project 'smithy-swift'
        ➜ Explicit dependency on target 'Logging' in project 'swift-log'
        ➜ Explicit dependency on target 'AwsCommonRuntimeKit' in project 'aws-crt-swift'
    Target 'SmithyEventStreamsAuthAPI' in project 'smithy-swift'
        ➜ Explicit dependency on target 'SmithyEventStreamsAuthAPI' in project 'smithy-swift'
        ➜ Explicit dependency on target 'Smithy' in project 'smithy-swift'
        ➜ Explicit dependency on target 'SmithyEventStreamsAPI' in project 'smithy-swift'
        ➜ Explicit dependency on target 'Logging' in project 'swift-log'
    Target 'SmithyEventStreamsAPI' in project 'smithy-swift'
        ➜ Explicit dependency on target 'SmithyEventStreamsAPI' in project 'smithy-swift'
        ➜ Explicit dependency on target 'Smithy' in project 'smithy-swift'
        ➜ Explicit dependency on target 'Logging' in project 'swift-log'
    Target 'AWSSDKCommon' in project 'aws-sdk-swift'
        ➜ Explicit dependency on target 'AWSSDKCommon' in project 'aws-sdk-swift'
        ➜ Explicit dependency on target 'AwsCommonRuntimeKit' in project 'aws-crt-swift'
    Target 'AWSSDKChecksums' in project 'aws-sdk-swift'
        ➜ Explicit dependency on target 'AWSSDKChecksums' in project 'aws-sdk-swift'
        ➜ Explicit dependency on target 'AwsCommonRuntimeKit' in project 'aws-crt-swift'
        ➜ Explicit dependency on target 'Smithy' in project 'smithy-swift'
        ➜ Explicit dependency on target 'SmithyChecksums' in project 'smithy-swift'
        ➜ Explicit dependency on target 'SmithyHTTPAPI' in project 'smithy-swift'
    Target 'AWSClientRuntime' in project 'aws-sdk-swift'
        ➜ Explicit dependency on target 'AWSClientRuntime' in project 'aws-sdk-swift'
        ➜ Explicit dependency on target 'aws-sdk-swift_AWSClientRuntime' in project 'aws-sdk-swift'
        ➜ Explicit dependency on target 'AWSSDKCommon' in project 'aws-sdk-swift'
        ➜ Explicit dependency on target 'AWSSDKIdentityAPI' in project 'aws-sdk-swift'
        ➜ Explicit dependency on target 'AWSSDKChecksums' in project 'aws-sdk-swift'
        ➜ Explicit dependency on target 'AWSSDKHTTPAuth' in project 'aws-sdk-swift'
        ➜ Explicit dependency on target 'AWSSDKDynamic' in project 'aws-sdk-swift'
        ➜ Explicit dependency on target 'AwsCommonRuntimeKit' in project 'aws-crt-swift'
        ➜ Explicit dependency on target 'Smithy' in project 'smithy-swift'
        ➜ Explicit dependency on target 'SmithyIdentityAPI' in project 'smithy-swift'
        ➜ Explicit dependency on target 'SmithyChecksums' in project 'smithy-swift'
        ➜ Explicit dependency on target 'SmithyHTTPAPI' in project 'smithy-swift'
        ➜ Explicit dependency on target 'SmithyHTTPAuth' in project 'smithy-swift'
        ➜ Explicit dependency on target 'ClientRuntime' in project 'smithy-swift'
        ➜ Explicit dependency on target 'SmithyIdentity' in project 'smithy-swift'
        ➜ Explicit dependency on target 'SmithyRetriesAPI' in project 'smithy-swift'
        ➜ Explicit dependency on target 'SmithyRetries' in project 'smithy-swift'
        ➜ Explicit dependency on target 'SmithyTimestamps' in project 'smithy-swift'
    Target 'AWSClientRuntime' in project 'aws-sdk-swift'
        ➜ Explicit dependency on target 'aws-sdk-swift_AWSClientRuntime' in project 'aws-sdk-swift'
        ➜ Explicit dependency on target 'AWSSDKCommon' in project 'aws-sdk-swift'
        ➜ Explicit dependency on target 'AWSSDKIdentityAPI' in project 'aws-sdk-swift'
        ➜ Explicit dependency on target 'AWSSDKChecksums' in project 'aws-sdk-swift'
        ➜ Explicit dependency on target 'AWSSDKHTTPAuth' in project 'aws-sdk-swift'
        ➜ Explicit dependency on target 'AWSSDKDynamic' in project 'aws-sdk-swift'
        ➜ Explicit dependency on target 'AwsCommonRuntimeKit' in project 'aws-crt-swift'
        ➜ Explicit dependency on target 'Smithy' in project 'smithy-swift'
        ➜ Explicit dependency on target 'SmithyIdentityAPI' in project 'smithy-swift'
        ➜ Explicit dependency on target 'SmithyChecksums' in project 'smithy-swift'
        ➜ Explicit dependency on target 'SmithyHTTPAPI' in project 'smithy-swift'
        ➜ Explicit dependency on target 'SmithyHTTPAuth' in project 'smithy-swift'
        ➜ Explicit dependency on target 'ClientRuntime' in project 'smithy-swift'
        ➜ Explicit dependency on target 'SmithyIdentity' in project 'smithy-swift'
        ➜ Explicit dependency on target 'SmithyRetriesAPI' in project 'smithy-swift'
        ➜ Explicit dependency on target 'SmithyRetries' in project 'smithy-swift'
        ➜ Explicit dependency on target 'SmithyTimestamps' in project 'smithy-swift'
    Target 'SmithyTimestamps' in project 'smithy-swift'
        ➜ Explicit dependency on target 'SmithyTimestamps' in project 'smithy-swift'
    Target 'SmithyRetries' in project 'smithy-swift'
        ➜ Explicit dependency on target 'SmithyRetries' in project 'smithy-swift'
        ➜ Explicit dependency on target 'SmithyRetriesAPI' in project 'smithy-swift'
    Target 'SmithyRetriesAPI' in project 'smithy-swift'
        ➜ Explicit dependency on target 'SmithyRetriesAPI' in project 'smithy-swift'
    Target 'SmithyIdentity' in project 'smithy-swift'
        ➜ Explicit dependency on target 'SmithyIdentity' in project 'smithy-swift'
        ➜ Explicit dependency on target 'Smithy' in project 'smithy-swift'
        ➜ Explicit dependency on target 'SmithyIdentityAPI' in project 'smithy-swift'
        ➜ Explicit dependency on target 'Logging' in project 'swift-log'
        ➜ Explicit dependency on target 'AwsCommonRuntimeKit' in project 'aws-crt-swift'
    Target 'ClientRuntime' in project 'smithy-swift'
        ➜ Explicit dependency on target 'ClientRuntime' in project 'smithy-swift'
        ➜ Explicit dependency on target 'smithy-swift_ClientRuntime' in project 'smithy-swift'
        ➜ Explicit dependency on target 'Smithy' in project 'smithy-swift'
        ➜ Explicit dependency on target 'SmithyTelemetryAPI' in project 'smithy-swift'
        ➜ Explicit dependency on target 'SmithyHTTPAPI' in project 'smithy-swift'
        ➜ Explicit dependency on target 'SmithyHTTPClientAPI' in project 'smithy-swift'
        ➜ Explicit dependency on target 'SmithyRetriesAPI' in project 'smithy-swift'
        ➜ Explicit dependency on target 'SmithyRetries' in project 'smithy-swift'
        ➜ Explicit dependency on target 'SmithySerialization' in project 'smithy-swift'
        ➜ Explicit dependency on target 'SmithyTimestamps' in project 'smithy-swift'
        ➜ Explicit dependency on target 'SmithyReadWrite' in project 'smithy-swift'
        ➜ Explicit dependency on target 'SmithyXML' in project 'smithy-swift'
        ➜ Explicit dependency on target 'SmithyJSON' in project 'smithy-swift'
        ➜ Explicit dependency on target 'SmithyFormURL' in project 'smithy-swift'
        ➜ Explicit dependency on target 'SmithyIdentityAPI' in project 'smithy-swift'
        ➜ Explicit dependency on target 'SmithyIdentity' in project 'smithy-swift'
        ➜ Explicit dependency on target 'SmithyStreams' in project 'smithy-swift'
        ➜ Explicit dependency on target 'SmithyHTTPClient' in project 'smithy-swift'
        ➜ Explicit dependency on target 'SmithyHTTPAuthAPI' in project 'smithy-swift'
        ➜ Explicit dependency on target 'SmithyChecksumsAPI' in project 'smithy-swift'
        ➜ Explicit dependency on target 'SmithyHTTPAuth' in project 'smithy-swift'
        ➜ Explicit dependency on target 'SmithyEventStreamsAPI' in project 'smithy-swift'
        ➜ Explicit dependency on target 'SmithyEventStreamsAuthAPI' in project 'smithy-swift'
        ➜ Explicit dependency on target 'SmithyEventStreams' in project 'smithy-swift'
        ➜ Explicit dependency on target 'SmithyChecksums' in project 'smithy-swift'
        ➜ Explicit dependency on target 'SmithyCBOR' in project 'smithy-swift'
        ➜ Explicit dependency on target 'Logging' in project 'swift-log'
        ➜ Explicit dependency on target 'AwsCommonRuntimeKit' in project 'aws-crt-swift'
        ➜ Explicit dependency on target 'InMemoryExporter' in project 'opentelemetry-swift'
        ➜ Explicit dependency on target 'OpenTelemetryApi' in project 'opentelemetry-swift'
        ➜ Explicit dependency on target 'OpenTelemetrySdk' in project 'opentelemetry-swift'
        ➜ Explicit dependency on target 'OpenTelemetryProtocolExporterHTTP' in project 'opentelemetry-swift'
    Target 'ClientRuntime' in project 'smithy-swift'
        ➜ Explicit dependency on target 'smithy-swift_ClientRuntime' in project 'smithy-swift'
        ➜ Explicit dependency on target 'Smithy' in project 'smithy-swift'
        ➜ Explicit dependency on target 'SmithyTelemetryAPI' in project 'smithy-swift'
        ➜ Explicit dependency on target 'SmithyHTTPAPI' in project 'smithy-swift'
        ➜ Explicit dependency on target 'SmithyHTTPClientAPI' in project 'smithy-swift'
        ➜ Explicit dependency on target 'SmithyRetriesAPI' in project 'smithy-swift'
        ➜ Explicit dependency on target 'SmithyRetries' in project 'smithy-swift'
        ➜ Explicit dependency on target 'SmithySerialization' in project 'smithy-swift'
        ➜ Explicit dependency on target 'SmithyTimestamps' in project 'smithy-swift'
        ➜ Explicit dependency on target 'SmithyReadWrite' in project 'smithy-swift'
        ➜ Explicit dependency on target 'SmithyXML' in project 'smithy-swift'
        ➜ Explicit dependency on target 'SmithyJSON' in project 'smithy-swift'
        ➜ Explicit dependency on target 'SmithyFormURL' in project 'smithy-swift'
        ➜ Explicit dependency on target 'SmithyIdentityAPI' in project 'smithy-swift'
        ➜ Explicit dependency on target 'SmithyIdentity' in project 'smithy-swift'
        ➜ Explicit dependency on target 'SmithyStreams' in project 'smithy-swift'
        ➜ Explicit dependency on target 'SmithyHTTPClient' in project 'smithy-swift'
        ➜ Explicit dependency on target 'SmithyHTTPAuthAPI' in project 'smithy-swift'
        ➜ Explicit dependency on target 'SmithyChecksumsAPI' in project 'smithy-swift'
        ➜ Explicit dependency on target 'SmithyHTTPAuth' in project 'smithy-swift'
        ➜ Explicit dependency on target 'SmithyEventStreamsAPI' in project 'smithy-swift'
        ➜ Explicit dependency on target 'SmithyEventStreamsAuthAPI' in project 'smithy-swift'
        ➜ Explicit dependency on target 'SmithyEventStreams' in project 'smithy-swift'
        ➜ Explicit dependency on target 'SmithyChecksums' in project 'smithy-swift'
        ➜ Explicit dependency on target 'SmithyCBOR' in project 'smithy-swift'
        ➜ Explicit dependency on target 'Logging' in project 'swift-log'
        ➜ Explicit dependency on target 'AwsCommonRuntimeKit' in project 'aws-crt-swift'
        ➜ Explicit dependency on target 'InMemoryExporter' in project 'opentelemetry-swift'
        ➜ Explicit dependency on target 'OpenTelemetryApi' in project 'opentelemetry-swift'
        ➜ Explicit dependency on target 'OpenTelemetrySdk' in project 'opentelemetry-swift'
        ➜ Explicit dependency on target 'OpenTelemetryProtocolExporterHTTP' in project 'opentelemetry-swift'
    Target 'OpenTelemetryProtocolExporterHTTP' in project 'opentelemetry-swift'
        ➜ Explicit dependency on target 'OpenTelemetryProtocolExporterHttp' in project 'opentelemetry-swift'
        ➜ Explicit dependency on target 'OpenTelemetryApi' in project 'opentelemetry-swift'
        ➜ Explicit dependency on target 'OpenTelemetrySdk' in project 'opentelemetry-swift'
        ➜ Explicit dependency on target 'OpenTelemetryProtocolExporterCommon' in project 'opentelemetry-swift'
        ➜ Explicit dependency on target 'DataCompression' in project 'opentelemetry-swift'
        ➜ Explicit dependency on target 'Logging' in project 'swift-log'
        ➜ Explicit dependency on target 'SwiftProtobuf' in project 'SwiftProtobuf'
    Target 'OpenTelemetryProtocolExporterHttp' in project 'opentelemetry-swift'
        ➜ Explicit dependency on target 'OpenTelemetryApi' in project 'opentelemetry-swift'
        ➜ Explicit dependency on target 'OpenTelemetrySdk' in project 'opentelemetry-swift'
        ➜ Explicit dependency on target 'OpenTelemetryProtocolExporterCommon' in project 'opentelemetry-swift'
        ➜ Explicit dependency on target 'DataCompression' in project 'opentelemetry-swift'
        ➜ Explicit dependency on target 'Logging' in project 'swift-log'
        ➜ Explicit dependency on target 'SwiftProtobuf' in project 'SwiftProtobuf'
    Target 'DataCompression' in project 'opentelemetry-swift' (no dependencies)
    Target 'OpenTelemetryProtocolExporterCommon' in project 'opentelemetry-swift'
        ➜ Explicit dependency on target 'OpenTelemetryApi' in project 'opentelemetry-swift'
        ➜ Explicit dependency on target 'OpenTelemetrySdk' in project 'opentelemetry-swift'
        ➜ Explicit dependency on target 'Logging' in project 'swift-log'
        ➜ Explicit dependency on target 'SwiftProtobuf' in project 'SwiftProtobuf'
    Target 'SwiftProtobuf' in project 'SwiftProtobuf'
        ➜ Explicit dependency on target 'SwiftProtobuf' in project 'SwiftProtobuf'
        ➜ Explicit dependency on target 'SwiftProtobuf_SwiftProtobuf' in project 'SwiftProtobuf'
    Target 'SwiftProtobuf' in project 'SwiftProtobuf'
        ➜ Explicit dependency on target 'SwiftProtobuf_SwiftProtobuf' in project 'SwiftProtobuf'
    Target 'SwiftProtobuf_SwiftProtobuf' in project 'SwiftProtobuf' (no dependencies)
    Target 'OpenTelemetrySdk' in project 'opentelemetry-swift'
        ➜ Explicit dependency on target 'OpenTelemetrySdk' in project 'opentelemetry-swift'
        ➜ Explicit dependency on target 'OpenTelemetryApi' in project 'opentelemetry-swift'
    Target 'OpenTelemetryApi' in project 'opentelemetry-swift'
        ➜ Explicit dependency on target 'OpenTelemetryApi' in project 'opentelemetry-swift'
    Target 'InMemoryExporter' in project 'opentelemetry-swift'
        ➜ Explicit dependency on target 'InMemoryExporter' in project 'opentelemetry-swift'
        ➜ Explicit dependency on target 'OpenTelemetryApi' in project 'opentelemetry-swift'
        ➜ Explicit dependency on target 'OpenTelemetrySdk' in project 'opentelemetry-swift'
    Target 'InMemoryExporter' in project 'opentelemetry-swift'
        ➜ Explicit dependency on target 'OpenTelemetryApi' in project 'opentelemetry-swift'
        ➜ Explicit dependency on target 'OpenTelemetrySdk' in project 'opentelemetry-swift'
    Target 'OpenTelemetrySdk' in project 'opentelemetry-swift'
        ➜ Explicit dependency on target 'OpenTelemetryApi' in project 'opentelemetry-swift'
    Target 'OpenTelemetryApi' in project 'opentelemetry-swift' (no dependencies)
    Target 'SmithyCBOR' in project 'smithy-swift'
        ➜ Explicit dependency on target 'Smithy' in project 'smithy-swift'
        ➜ Explicit dependency on target 'SmithyTimestamps' in project 'smithy-swift'
        ➜ Explicit dependency on target 'SmithyReadWrite' in project 'smithy-swift'
        ➜ Explicit dependency on target 'Logging' in project 'swift-log'
        ➜ Explicit dependency on target 'AwsCommonRuntimeKit' in project 'aws-crt-swift'
    Target 'SmithyEventStreams' in project 'smithy-swift'
        ➜ Explicit dependency on target 'Smithy' in project 'smithy-swift'
        ➜ Explicit dependency on target 'SmithyEventStreamsAPI' in project 'smithy-swift'
        ➜ Explicit dependency on target 'SmithyEventStreamsAuthAPI' in project 'smithy-swift'
        ➜ Explicit dependency on target 'Logging' in project 'swift-log'
        ➜ Explicit dependency on target 'AwsCommonRuntimeKit' in project 'aws-crt-swift'
    Target 'SmithyEventStreamsAuthAPI' in project 'smithy-swift'
        ➜ Explicit dependency on target 'Smithy' in project 'smithy-swift'
        ➜ Explicit dependency on target 'SmithyEventStreamsAPI' in project 'smithy-swift'
        ➜ Explicit dependency on target 'Logging' in project 'swift-log'
    Target 'SmithyEventStreamsAPI' in project 'smithy-swift'
        ➜ Explicit dependency on target 'Smithy' in project 'smithy-swift'
        ➜ Explicit dependency on target 'Logging' in project 'swift-log'
    Target 'SmithyFormURL' in project 'smithy-swift'
        ➜ Explicit dependency on target 'Smithy' in project 'smithy-swift'
        ➜ Explicit dependency on target 'SmithyTimestamps' in project 'smithy-swift'
        ➜ Explicit dependency on target 'SmithyReadWrite' in project 'smithy-swift'
        ➜ Explicit dependency on target 'Logging' in project 'swift-log'
    Target 'SmithyJSON' in project 'smithy-swift'
        ➜ Explicit dependency on target 'Smithy' in project 'smithy-swift'
        ➜ Explicit dependency on target 'SmithySerialization' in project 'smithy-swift'
        ➜ Explicit dependency on target 'SmithyTimestamps' in project 'smithy-swift'
        ➜ Explicit dependency on target 'SmithyReadWrite' in project 'smithy-swift'
        ➜ Explicit dependency on target 'Logging' in project 'swift-log'
    Target 'SmithyXML' in project 'smithy-swift'
        ➜ Explicit dependency on target 'Smithy' in project 'smithy-swift'
        ➜ Explicit dependency on target 'SmithySerialization' in project 'smithy-swift'
        ➜ Explicit dependency on target 'SmithyTimestamps' in project 'smithy-swift'
        ➜ Explicit dependency on target 'SmithyReadWrite' in project 'smithy-swift'
        ➜ Explicit dependency on target 'Logging' in project 'swift-log'
    Target 'SmithyReadWrite' in project 'smithy-swift'
        ➜ Explicit dependency on target 'Smithy' in project 'smithy-swift'
        ➜ Explicit dependency on target 'SmithyTimestamps' in project 'smithy-swift'
        ➜ Explicit dependency on target 'Logging' in project 'swift-log'
    Target 'SmithyTimestamps' in project 'smithy-swift' (no dependencies)
    Target 'SmithySerialization' in project 'smithy-swift'
        ➜ Explicit dependency on target 'Smithy' in project 'smithy-swift'
        ➜ Explicit dependency on target 'Logging' in project 'swift-log'
    Target 'SmithyRetries' in project 'smithy-swift'
        ➜ Explicit dependency on target 'SmithyRetriesAPI' in project 'smithy-swift'
    Target 'SmithyRetriesAPI' in project 'smithy-swift' (no dependencies)
    Target 'SmithyHTTPClientAPI' in project 'smithy-swift'
        ➜ Explicit dependency on target 'Smithy' in project 'smithy-swift'
        ➜ Explicit dependency on target 'SmithyHTTPAPI' in project 'smithy-swift'
        ➜ Explicit dependency on target 'SmithyTelemetryAPI' in project 'smithy-swift'
        ➜ Explicit dependency on target 'Logging' in project 'swift-log'
    Target 'SmithyTelemetryAPI' in project 'smithy-swift'
        ➜ Explicit dependency on target 'Smithy' in project 'smithy-swift'
        ➜ Explicit dependency on target 'Logging' in project 'swift-log'
    Target 'smithy-swift_ClientRuntime' in project 'smithy-swift' (no dependencies)
    Target 'AWSSDKDynamic' in project 'aws-sdk-swift' (no dependencies)
    Target 'AWSSDKHTTPAuth' in project 'aws-sdk-swift'
        ➜ Explicit dependency on target 'AWSSDKIdentityAPI' in project 'aws-sdk-swift'
        ➜ Explicit dependency on target 'AWSSDKChecksums' in project 'aws-sdk-swift'
        ➜ Explicit dependency on target 'Smithy' in project 'smithy-swift'
        ➜ Explicit dependency on target 'SmithyIdentityAPI' in project 'smithy-swift'
        ➜ Explicit dependency on target 'AwsCommonRuntimeKit' in project 'aws-crt-swift'
        ➜ Explicit dependency on target 'SmithyChecksums' in project 'smithy-swift'
        ➜ Explicit dependency on target 'SmithyHTTPAPI' in project 'smithy-swift'
        ➜ Explicit dependency on target 'SmithyHTTPAuth' in project 'smithy-swift'
    Target 'SmithyHTTPAuth' in project 'smithy-swift'
        ➜ Explicit dependency on target 'SmithyHTTPAuth' in project 'smithy-swift'
        ➜ Explicit dependency on target 'Smithy' in project 'smithy-swift'
        ➜ Explicit dependency on target 'SmithyHTTPAPI' in project 'smithy-swift'
        ➜ Explicit dependency on target 'SmithyIdentityAPI' in project 'smithy-swift'
        ➜ Explicit dependency on target 'SmithyHTTPAuthAPI' in project 'smithy-swift'
        ➜ Explicit dependency on target 'SmithyIdentity' in project 'smithy-swift'
        ➜ Explicit dependency on target 'SmithyChecksumsAPI' in project 'smithy-swift'
        ➜ Explicit dependency on target 'SmithyStreams' in project 'smithy-swift'
        ➜ Explicit dependency on target 'SmithyHTTPClient' in project 'smithy-swift'
        ➜ Explicit dependency on target 'Logging' in project 'swift-log'
        ➜ Explicit dependency on target 'AwsCommonRuntimeKit' in project 'aws-crt-swift'
    Target 'SmithyHTTPAuth' in project 'smithy-swift'
        ➜ Explicit dependency on target 'Smithy' in project 'smithy-swift'
        ➜ Explicit dependency on target 'SmithyHTTPAPI' in project 'smithy-swift'
        ➜ Explicit dependency on target 'SmithyIdentityAPI' in project 'smithy-swift'
        ➜ Explicit dependency on target 'SmithyHTTPAuthAPI' in project 'smithy-swift'
        ➜ Explicit dependency on target 'SmithyIdentity' in project 'smithy-swift'
        ➜ Explicit dependency on target 'SmithyChecksumsAPI' in project 'smithy-swift'
        ➜ Explicit dependency on target 'SmithyStreams' in project 'smithy-swift'
        ➜ Explicit dependency on target 'SmithyHTTPClient' in project 'smithy-swift'
        ➜ Explicit dependency on target 'Logging' in project 'swift-log'
        ➜ Explicit dependency on target 'AwsCommonRuntimeKit' in project 'aws-crt-swift'
    Target 'SmithyIdentity' in project 'smithy-swift'
        ➜ Explicit dependency on target 'Smithy' in project 'smithy-swift'
        ➜ Explicit dependency on target 'SmithyIdentityAPI' in project 'smithy-swift'
        ➜ Explicit dependency on target 'Logging' in project 'swift-log'
        ➜ Explicit dependency on target 'AwsCommonRuntimeKit' in project 'aws-crt-swift'
    Target 'SmithyHTTPAuthAPI' in project 'smithy-swift'
        ➜ Explicit dependency on target 'Smithy' in project 'smithy-swift'
        ➜ Explicit dependency on target 'SmithyHTTPAPI' in project 'smithy-swift'
        ➜ Explicit dependency on target 'SmithyIdentityAPI' in project 'smithy-swift'
        ➜ Explicit dependency on target 'Logging' in project 'swift-log'
    Target 'AWSSDKChecksums' in project 'aws-sdk-swift'
        ➜ Explicit dependency on target 'AwsCommonRuntimeKit' in project 'aws-crt-swift'
        ➜ Explicit dependency on target 'Smithy' in project 'smithy-swift'
        ➜ Explicit dependency on target 'SmithyChecksums' in project 'smithy-swift'
        ➜ Explicit dependency on target 'SmithyHTTPAPI' in project 'smithy-swift'
    Target 'SmithyHTTPAPI' in project 'smithy-swift'
        ➜ Explicit dependency on target 'SmithyHTTPAPI' in project 'smithy-swift'
        ➜ Explicit dependency on target 'Smithy' in project 'smithy-swift'
        ➜ Explicit dependency on target 'Logging' in project 'swift-log'
    Target 'SmithyChecksums' in project 'smithy-swift'
        ➜ Explicit dependency on target 'SmithyChecksums' in project 'smithy-swift'
        ➜ Explicit dependency on target 'Smithy' in project 'smithy-swift'
        ➜ Explicit dependency on target 'SmithyChecksumsAPI' in project 'smithy-swift'
        ➜ Explicit dependency on target 'SmithyStreams' in project 'smithy-swift'
        ➜ Explicit dependency on target 'SmithyHTTPAPI' in project 'smithy-swift'
        ➜ Explicit dependency on target 'SmithyHTTPClient' in project 'smithy-swift'
        ➜ Explicit dependency on target 'Logging' in project 'swift-log'
        ➜ Explicit dependency on target 'AwsCommonRuntimeKit' in project 'aws-crt-swift'
    Target 'SmithyChecksums' in project 'smithy-swift'
        ➜ Explicit dependency on target 'Smithy' in project 'smithy-swift'
        ➜ Explicit dependency on target 'SmithyChecksumsAPI' in project 'smithy-swift'
        ➜ Explicit dependency on target 'SmithyStreams' in project 'smithy-swift'
        ➜ Explicit dependency on target 'SmithyHTTPAPI' in project 'smithy-swift'
        ➜ Explicit dependency on target 'SmithyHTTPClient' in project 'smithy-swift'
        ➜ Explicit dependency on target 'Logging' in project 'swift-log'
        ➜ Explicit dependency on target 'AwsCommonRuntimeKit' in project 'aws-crt-swift'
    Target 'SmithyHTTPClient' in project 'smithy-swift'
        ➜ Explicit dependency on target 'Smithy' in project 'smithy-swift'
        ➜ Explicit dependency on target 'SmithyHTTPAPI' in project 'smithy-swift'
        ➜ Explicit dependency on target 'SmithyStreams' in project 'smithy-swift'
        ➜ Explicit dependency on target 'Logging' in project 'swift-log'
        ➜ Explicit dependency on target 'AwsCommonRuntimeKit' in project 'aws-crt-swift'
    Target 'SmithyHTTPAPI' in project 'smithy-swift'
        ➜ Explicit dependency on target 'Smithy' in project 'smithy-swift'
        ➜ Explicit dependency on target 'Logging' in project 'swift-log'
    Target 'SmithyStreams' in project 'smithy-swift'
        ➜ Explicit dependency on target 'Smithy' in project 'smithy-swift'
        ➜ Explicit dependency on target 'Logging' in project 'swift-log'
        ➜ Explicit dependency on target 'AwsCommonRuntimeKit' in project 'aws-crt-swift'
    Target 'SmithyChecksumsAPI' in project 'smithy-swift'
        ➜ Explicit dependency on target 'Smithy' in project 'smithy-swift'
        ➜ Explicit dependency on target 'Logging' in project 'swift-log'
    Target 'AWSSDKIdentityAPI' in project 'aws-sdk-swift'
        ➜ Explicit dependency on target 'Smithy' in project 'smithy-swift'
        ➜ Explicit dependency on target 'SmithyIdentityAPI' in project 'smithy-swift'
    Target 'SmithyIdentityAPI' in project 'smithy-swift'
        ➜ Explicit dependency on target 'SmithyIdentityAPI' in project 'smithy-swift'
        ➜ Explicit dependency on target 'Smithy' in project 'smithy-swift'
        ➜ Explicit dependency on target 'Logging' in project 'swift-log'
    Target 'SmithyIdentityAPI' in project 'smithy-swift'
        ➜ Explicit dependency on target 'Smithy' in project 'smithy-swift'
        ➜ Explicit dependency on target 'Logging' in project 'swift-log'
    Target 'Smithy' in project 'smithy-swift'
        ➜ Explicit dependency on target 'Smithy' in project 'smithy-swift'
        ➜ Explicit dependency on target 'Logging' in project 'swift-log'
    Target 'Smithy' in project 'smithy-swift'
        ➜ Explicit dependency on target 'Logging' in project 'swift-log'
    Target 'Logging' in project 'swift-log'
        ➜ Explicit dependency on target 'Logging' in project 'swift-log'
    Target 'Logging' in project 'swift-log' (no dependencies)
    Target 'AWSSDKCommon' in project 'aws-sdk-swift'
        ➜ Explicit dependency on target 'AwsCommonRuntimeKit' in project 'aws-crt-swift'
    Target 'AwsCommonRuntimeKit' in project 'aws-crt-swift'
        ➜ Explicit dependency on target 'AwsCommonRuntimeKit' in project 'aws-crt-swift'
        ➜ Explicit dependency on target 'aws-crt-swift_AwsCommonRuntimeKit' in project 'aws-crt-swift'
        ➜ Explicit dependency on target 'AwsCPlatformConfig' in project 'aws-crt-swift'
        ➜ Explicit dependency on target 'AwsCCommon' in project 'aws-crt-swift'
        ➜ Explicit dependency on target 'AwsCCompression' in project 'aws-crt-swift'
        ➜ Explicit dependency on target 'AwsCCal' in project 'aws-crt-swift'
        ➜ Explicit dependency on target 'AwsCIo' in project 'aws-crt-swift'
        ➜ Explicit dependency on target 'AwsCHttp' in project 'aws-crt-swift'
        ➜ Explicit dependency on target 'AwsCSdkUtils' in project 'aws-crt-swift'
        ➜ Explicit dependency on target 'AwsCAuth' in project 'aws-crt-swift'
        ➜ Explicit dependency on target 'AwsCChecksums' in project 'aws-crt-swift'
        ➜ Explicit dependency on target 'AwsCEventStream' in project 'aws-crt-swift'
        ➜ Explicit dependency on target 'AwsCMqtt' in project 'aws-crt-swift'
    Target 'AwsCommonRuntimeKit' in project 'aws-crt-swift'
        ➜ Explicit dependency on target 'aws-crt-swift_AwsCommonRuntimeKit' in project 'aws-crt-swift'
        ➜ Explicit dependency on target 'AwsCPlatformConfig' in project 'aws-crt-swift'
        ➜ Explicit dependency on target 'AwsCCommon' in project 'aws-crt-swift'
        ➜ Explicit dependency on target 'AwsCCompression' in project 'aws-crt-swift'
        ➜ Explicit dependency on target 'AwsCCal' in project 'aws-crt-swift'
        ➜ Explicit dependency on target 'AwsCIo' in project 'aws-crt-swift'
        ➜ Explicit dependency on target 'AwsCHttp' in project 'aws-crt-swift'
        ➜ Explicit dependency on target 'AwsCSdkUtils' in project 'aws-crt-swift'
        ➜ Explicit dependency on target 'AwsCAuth' in project 'aws-crt-swift'
        ➜ Explicit dependency on target 'AwsCChecksums' in project 'aws-crt-swift'
        ➜ Explicit dependency on target 'AwsCEventStream' in project 'aws-crt-swift'
        ➜ Explicit dependency on target 'AwsCMqtt' in project 'aws-crt-swift'
        ➜ Explicit dependency on target 'LibNative' in project 'aws-crt-swift'
    Target 'LibNative' in project 'aws-crt-swift' (no dependencies)
    Target 'AwsCMqtt' in project 'aws-crt-swift'
        ➜ Explicit dependency on target 'AwsCPlatformConfig' in project 'aws-crt-swift'
        ➜ Explicit dependency on target 'AwsCCommon' in project 'aws-crt-swift'
        ➜ Explicit dependency on target 'AwsCCompression' in project 'aws-crt-swift'
        ➜ Explicit dependency on target 'AwsCCal' in project 'aws-crt-swift'
        ➜ Explicit dependency on target 'AwsCIo' in project 'aws-crt-swift'
        ➜ Explicit dependency on target 'AwsCHttp' in project 'aws-crt-swift'
    Target 'AwsCEventStream' in project 'aws-crt-swift'
        ➜ Explicit dependency on target 'AwsCPlatformConfig' in project 'aws-crt-swift'
        ➜ Explicit dependency on target 'AwsCCommon' in project 'aws-crt-swift'
        ➜ Explicit dependency on target 'AwsCChecksums' in project 'aws-crt-swift'
        ➜ Explicit dependency on target 'AwsCCal' in project 'aws-crt-swift'
        ➜ Explicit dependency on target 'AwsCIo' in project 'aws-crt-swift'
    Target 'AwsCChecksums' in project 'aws-crt-swift'
        ➜ Explicit dependency on target 'AwsCPlatformConfig' in project 'aws-crt-swift'
        ➜ Explicit dependency on target 'AwsCCommon' in project 'aws-crt-swift'
    Target 'AwsCAuth' in project 'aws-crt-swift'
        ➜ Explicit dependency on target 'AwsCPlatformConfig' in project 'aws-crt-swift'
        ➜ Explicit dependency on target 'AwsCCommon' in project 'aws-crt-swift'
        ➜ Explicit dependency on target 'AwsCCompression' in project 'aws-crt-swift'
        ➜ Explicit dependency on target 'AwsCCal' in project 'aws-crt-swift'
        ➜ Explicit dependency on target 'AwsCIo' in project 'aws-crt-swift'
        ➜ Explicit dependency on target 'AwsCHttp' in project 'aws-crt-swift'
        ➜ Explicit dependency on target 'AwsCSdkUtils' in project 'aws-crt-swift'
    Target 'AwsCSdkUtils' in project 'aws-crt-swift'
        ➜ Explicit dependency on target 'AwsCPlatformConfig' in project 'aws-crt-swift'
        ➜ Explicit dependency on target 'AwsCCommon' in project 'aws-crt-swift'
    Target 'AwsCHttp' in project 'aws-crt-swift'
        ➜ Explicit dependency on target 'AwsCPlatformConfig' in project 'aws-crt-swift'
        ➜ Explicit dependency on target 'AwsCCommon' in project 'aws-crt-swift'
        ➜ Explicit dependency on target 'AwsCCompression' in project 'aws-crt-swift'
        ➜ Explicit dependency on target 'AwsCCal' in project 'aws-crt-swift'
        ➜ Explicit dependency on target 'AwsCIo' in project 'aws-crt-swift'
    Target 'AwsCIo' in project 'aws-crt-swift'
        ➜ Explicit dependency on target 'AwsCPlatformConfig' in project 'aws-crt-swift'
        ➜ Explicit dependency on target 'AwsCCommon' in project 'aws-crt-swift'
        ➜ Explicit dependency on target 'AwsCCal' in project 'aws-crt-swift'
    Target 'AwsCCal' in project 'aws-crt-swift'
        ➜ Explicit dependency on target 'AwsCPlatformConfig' in project 'aws-crt-swift'
        ➜ Explicit dependency on target 'AwsCCommon' in project 'aws-crt-swift'
    Target 'AwsCCompression' in project 'aws-crt-swift'
        ➜ Explicit dependency on target 'AwsCPlatformConfig' in project 'aws-crt-swift'
        ➜ Explicit dependency on target 'AwsCCommon' in project 'aws-crt-swift'
    Target 'AwsCCommon' in project 'aws-crt-swift'
        ➜ Explicit dependency on target 'AwsCPlatformConfig' in project 'aws-crt-swift'
    Target 'AwsCPlatformConfig' in project 'aws-crt-swift' (no dependencies)
    Target 'aws-crt-swift_AwsCommonRuntimeKit' in project 'aws-crt-swift' (no dependencies)
    Target 'aws-sdk-swift_AWSClientRuntime' in project 'aws-sdk-swift' (no dependencies)

GatherProvisioningInputs

CreateBuildDescription

ClangStatCache /Applications/Xcode.app/Contents/Developer/Toolchains/XcodeDefault.xctoolchain/usr/bin/clang-stat-cache /Applications/Xcode.app/Contents/Developer/Platforms/MacOSX.platform/Developer/SDKs/MacOSX26.1.sdk /Users/antefel/Library/Developer/Xcode/DerivedData/SDKStatCaches.noindex/macosx26.1-25B74-3ae1261907bdadc328169391a47051a6.sdkstatcache
    cd /Users/antefel/aws-sdk-swift_feat-lint/.swiftpm/xcode
    /Applications/Xcode.app/Contents/Developer/Toolchains/XcodeDefault.xctoolchain/usr/bin/clang-stat-cache /Applications/Xcode.app/Contents/Developer/Platforms/MacOSX.platform/Developer/SDKs/MacOSX26.1.sdk -o /Users/antefel/Library/Developer/Xcode/DerivedData/SDKStatCaches.noindex/macosx26.1-25B74-3ae1261907bdadc328169391a47051a6.sdkstatcache

SwiftDriver AWSSDKIdentity normal arm64 com.apple.xcode.tools.swift.compiler (in target 'AWSSDKIdentity' from project 'aws-sdk-swift')
    cd /Users/antefel/aws-sdk-swift_feat-lint/.swiftpm/xcode
    builtin-SwiftDriver -- /Applications/Xcode.app/Contents/Developer/Toolchains/XcodeDefault.xctoolchain/usr/bin/swiftc -module-name AWSSDKIdentity -Onone -enforce-exclusivity\=checked @/Users/antefel/Library/Developer/Xcode/DerivedData/aws-sdk-swift_feat-lint-gygzbbdodvfhogetsuilkfrccplk/Build/Intermediates.noindex/aws-sdk-swift.build/Debug/AWSSDKIdentity.build/Objects-normal/arm64/AWSSDKIdentity.SwiftFileList -DSWIFT_PACKAGE -DDEBUG -DSWIFT_MODULE_RESOURCE_BUNDLE_UNAVAILABLE -Xcc -fmodule-map-file\=/Users/antefel/Library/Developer/Xcode/DerivedData/aws-sdk-swift_feat-lint-gygzbbdodvfhogetsuilkfrccplk/SourcePackages/checkouts/aws-crt-swift/Source/LibNative/module.modulemap -Xcc -fmodule-map-file\=/Users/antefel/Library/Developer/Xcode/DerivedData/aws-sdk-swift_feat-lint-gygzbbdodvfhogetsuilkfrccplk/Build/Intermediates.noindex/GeneratedModuleMaps/AwsCMqtt.modulemap -Xcc -fmodule-map-file\=/Users/antefel/Library/Developer/Xcode/DerivedData/aws-sdk-swift_feat-lint-gygzbbdodvfhogetsuilkfrccplk/Build/Intermediates.noindex/GeneratedModuleMaps/AwsCEventStream.modulemap -Xcc -fmodule-map-file\=/Users/antefel/Library/Developer/Xcode/DerivedData/aws-sdk-swift_feat-lint-gygzbbdodvfhogetsuilkfrccplk/Build/Intermediates.noindex/GeneratedModuleMaps/AwsCChecksums.modulemap -Xcc -fmodule-map-file\=/Users/antefel/Library/Developer/Xcode/DerivedData/aws-sdk-swift_feat-lint-gygzbbdodvfhogetsuilkfrccplk/Build/Intermediates.noindex/GeneratedModuleMaps/AwsCAuth.modulemap -Xcc -fmodule-map-file\=/Users/antefel/Library/Developer/Xcode/DerivedData/aws-sdk-swift_feat-lint-gygzbbdodvfhogetsuilkfrccplk/Build/Intermediates.noindex/GeneratedModuleMaps/AwsCSdkUtils.modulemap -Xcc -fmodule-map-file\=/Users/antefel/Library/Developer/Xcode/DerivedData/aws-sdk-swift_feat-lint-gygzbbdodvfhogetsuilkfrccplk/Build/Intermediates.noindex/GeneratedModuleMaps/AwsCHttp.modulemap -Xcc -fmodule-map-file\=/Users/antefel/Library/Developer/Xcode/DerivedData/aws-sdk-swift_feat-lint-gygzbbdodvfhogetsuilkfrccplk/Build/Intermediates.noindex/GeneratedModuleMaps/AwsCIo.modulemap -Xcc -fmodule-map-file\=/Users/antefel/Library/Developer/Xcode/DerivedData/aws-sdk-swift_feat-lint-gygzbbdodvfhogetsuilkfrccplk/Build/Intermediates.noindex/GeneratedModuleMaps/AwsCCal.modulemap -Xcc -fmodule-map-file\=/Users/antefel/Library/Developer/Xcode/DerivedData/aws-sdk-swift_feat-lint-gygzbbdodvfhogetsuilkfrccplk/Build/Intermediates.noindex/GeneratedModuleMaps/AwsCCompression.modulemap -Xcc -fmodule-map-file\=/Users/antefel/Library/Developer/Xcode/DerivedData/aws-sdk-swift_feat-lint-gygzbbdodvfhogetsuilkfrccplk/Build/Intermediates.noindex/GeneratedModuleMaps/AwsCCommon.modulemap -DXcode -plugin-path /Applications/Xcode.app/Contents/Developer/Toolchains/XcodeDefault.xctoolchain/usr/lib/swift/host/plugins/testing -enable-experimental-feature DebugDescriptionMacro -sdk /Applications/Xcode.app/Contents/Developer/Platforms/MacOSX.platform/Developer/SDKs/MacOSX26.1.sdk -target arm64-apple-macos12.0 -g -module-cache-path /Users/antefel/Library/Developer/Xcode/DerivedData/ModuleCache.noindex -Xfrontend -serialize-debugging-options -profile-coverage-mapping -profile-generate -enable-testing -index-store-path /Users/antefel/Library/Developer/Xcode/DerivedData/aws-sdk-swift_feat-lint-gygzbbdodvfhogetsuilkfrccplk/Index.noindex/DataStore -Xcc -D_LIBCPP_HARDENING_MODE\=_LIBCPP_HARDENING_MODE_DEBUG -swift-version 5 -I /Users/antefel/Library/Developer/Xcode/DerivedData/aws-sdk-swift_feat-lint-gygzbbdodvfhogetsuilkfrccplk/Build/Products/Debug -Isystem /Applications/Xcode.app/Contents/Developer/Platforms/MacOSX.platform/Developer/usr/lib -F /Users/antefel/Library/Developer/Xcode/DerivedData/aws-sdk-swift_feat-lint-gygzbbdodvfhogetsuilkfrccplk/Build/Products/Debug/PackageFrameworks -F /Users/antefel/Library/Developer/Xcode/DerivedData/aws-sdk-swift_feat-lint-gygzbbdodvfhogetsuilkfrccplk/Build/Products/Debug/PackageFrameworks -F /Users/antefel/Library/Developer/Xcode/DerivedData/aws-sdk-swift_feat-lint-gygzbbdodvfhogetsuilkfrccplk/Build/Products/Debug/PackageFrameworks -F /Users/antefel/Library/Developer/Xcode/DerivedData/aws-sdk-swift_feat-lint-gygzbbdodvfhogetsuilkfrccplk/Build/Products/Debug/PackageFrameworks -F /Users/antefel/Library/Developer/Xcode/DerivedData/aws-sdk-swift_feat-lint-gygzbbdodvfhogetsuilkfrccplk/Build/Products/Debug/PackageFrameworks -F /Users/antefel/Library/Developer/Xcode/DerivedData/aws-sdk-swift_feat-lint-gygzbbdodvfhogetsuilkfrccplk/Build/Products/Debug/PackageFrameworks -F /Users/antefel/Library/Developer/Xcode/DerivedData/aws-sdk-swift_feat-lint-gygzbbdodvfhogetsuilkfrccplk/Build/Products/Debug/PackageFrameworks -F /Users/antefel/Library/Developer/Xcode/DerivedData/aws-sdk-swift_feat-lint-gygzbbdodvfhogetsuilkfrccplk/Build/Products/Debug/PackageFrameworks -F /Users/antefel/Library/Developer/Xcode/DerivedData/aws-sdk-swift_feat-lint-gygzbbdodvfhogetsuilkfrccplk/Build/Products/Debug/PackageFrameworks -F /Users/antefel/Library/Developer/Xcode/DerivedData/aws-sdk-swift_feat-lint-gygzbbdodvfhogetsuilkfrccplk/Build/Products/Debug/PackageFrameworks -F /Users/antefel/Library/Developer/Xcode/DerivedData/aws-sdk-swift_feat-lint-gygzbbdodvfhogetsuilkfrccplk/Build/Products/Debug/PackageFrameworks -F /Users/antefel/Library/Developer/Xcode/DerivedData/aws-sdk-swift_feat-lint-gygzbbdodvfhogetsuilkfrccplk/Build/Products/Debug/PackageFrameworks -F /Users/antefel/Library/Developer/Xcode/DerivedData/aws-sdk-swift_feat-lint-gygzbbdodvfhogetsuilkfrccplk/Build/Products/Debug/PackageFrameworks -F /Users/antefel/Library/Developer/Xcode/DerivedData/aws-sdk-swift_feat-lint-gygzbbdodvfhogetsuilkfrccplk/Build/Products/Debug/PackageFrameworks -F /Users/antefel/Library/Developer/Xcode/DerivedData/aws-sdk-swift_feat-lint-gygzbbdodvfhogetsuilkfrccplk/Build/Products/Debug/PackageFrameworks -F /Users/antefel/Library/Developer/Xcode/DerivedData/aws-sdk-swift_feat-lint-gygzbbdodvfhogetsuilkfrccplk/Build/Products/Debug/PackageFrameworks -F /Users/antefel/Library/Developer/Xcode/DerivedData/aws-sdk-swift_feat-lint-gygzbbdodvfhogetsuilkfrccplk/Build/Products/Debug/PackageFrameworks -F /Users/antefel/Library/Developer/Xcode/DerivedData/aws-sdk-swift_feat-lint-gygzbbdodvfhogetsuilkfrccplk/Build/Products/Debug/PackageFrameworks -F /Users/antefel/Library/Developer/Xcode/DerivedData/aws-sdk-swift_feat-lint-gygzbbdodvfhogetsuilkfrccplk/Build/Products/Debug/PackageFrameworks -F /Users/antefel/Library/Developer/Xcode/DerivedData/aws-sdk-swift_feat-lint-gygzbbdodvfhogetsuilkfrccplk/Build/Products/Debug/PackageFrameworks -F /Users/antefel/Library/Developer/Xcode/DerivedData/aws-sdk-swift_feat-lint-gygzbbdodvfhogetsuilkfrccplk/Build/Products/Debug/PackageFrameworks -F /Users/antefel/Library/Developer/Xcode/DerivedData/aws-sdk-swift_feat-lint-gygzbbdodvfhogetsuilkfrccplk/Build/Products/Debug/PackageFrameworks -F /Users/antefel/Library/Developer/Xcode/DerivedData/aws-sdk-swift_feat-lint-gygzbbdodvfhogetsuilkfrccplk/Build/Products/Debug/PackageFrameworks -F /Users/antefel/Library/Developer/Xcode/DerivedData/aws-sdk-swift_feat-lint-gygzbbdodvfhogetsuilkfrccplk/Build/Products/Debug/PackageFrameworks -F /Users/antefel/Library/Developer/Xcode/DerivedData/aws-sdk-swift_feat-lint-gygzbbdodvfhogetsuilkfrccplk/Build/Products/Debug/PackageFrameworks -F /Users/antefel/Library/Developer/Xcode/DerivedData/aws-sdk-swift_feat-lint-gygzbbdodvfhogetsuilkfrccplk/Build/Products/Debug/PackageFrameworks -F /Users/antefel/Library/Developer/Xcode/DerivedData/aws-sdk-swift_feat-lint-gygzbbdodvfhogetsuilkfrccplk/Build/Products/Debug/PackageFrameworks -F /Users/antefel/Library/Developer/Xcode/DerivedData/aws-sdk-swift_feat-lint-gygzbbdodvfhogetsuilkfrccplk/Build/Products/Debug/PackageFrameworks -F /Users/antefel/Library/Developer/Xcode/DerivedData/aws-sdk-swift_feat-lint-gygzbbdodvfhogetsuilkfrccplk/Build/Products/Debug/PackageFrameworks -F /Users/antefel/Library/Developer/Xcode/DerivedData/aws-sdk-swift_feat-lint-gygzbbdodvfhogetsuilkfrccplk/Build/Products/Debug/PackageFrameworks -F /Users/antefel/Library/Developer/Xcode/DerivedData/aws-sdk-swift_feat-lint-gygzbbdodvfhogetsuilkfrccplk/Build/Products/Debug/PackageFrameworks -F /Users/antefel/Library/Developer/Xcode/DerivedData/aws-sdk-swift_feat-lint-gygzbbdodvfhogetsuilkfrccplk/Build/Products/Debug/PackageFrameworks -F /Users/antefel/Library/Developer/Xcode/DerivedData/aws-sdk-swift_feat-lint-gygzbbdodvfhogetsuilkfrccplk/Build/Products/Debug/PackageFrameworks -F /Users/antefel/Library/Developer/Xcode/DerivedData/aws-sdk-swift_feat-lint-gygzbbdodvfhogetsuilkfrccplk/Build/Products/Debug/PackageFrameworks -F /Users/antefel/Library/Developer/Xcode/DerivedData/aws-sdk-swift_feat-lint-gygzbbdodvfhogetsuilkfrccplk/Build/Products/Debug/PackageFrameworks -F /Users/antefel/Library/Developer/Xcode/DerivedData/aws-sdk-swift_feat-lint-gygzbbdodvfhogetsuilkfrccplk/Build/Products/Debug/PackageFrameworks -F /Users/antefel/Library/Developer/Xcode/DerivedData/aws-sdk-swift_feat-lint-gygzbbdodvfhogetsuilkfrccplk/Build/Products/Debug/PackageFrameworks -F /Users/antefel/Library/Developer/Xcode/DerivedData/aws-sdk-swift_feat-lint-gygzbbdodvfhogetsuilkfrccplk/Build/Products/Debug/PackageFrameworks -F /Users/antefel/Library/Developer/Xcode/DerivedData/aws-sdk-swift_feat-lint-gygzbbdodvfhogetsuilkfrccplk/Build/Products/Debug/PackageFrameworks -F /Users/antefel/Library/Developer/Xcode/DerivedData/aws-sdk-swift_feat-lint-gygzbbdodvfhogetsuilkfrccplk/Build/Products/Debug/PackageFrameworks -F /Users/antefel/Library/Developer/Xcode/DerivedData/aws-sdk-swift_feat-lint-gygzbbdodvfhogetsuilkfrccplk/Build/Products/Debug/PackageFrameworks -F /Users/antefel/Library/Developer/Xcode/DerivedData/aws-sdk-swift_feat-lint-gygzbbdodvfhogetsuilkfrccplk/Build/Products/Debug/PackageFrameworks -F /Users/antefel/Library/Developer/Xcode/DerivedData/aws-sdk-swift_feat-lint-gygzbbdodvfhogetsuilkfrccplk/Build/Products/Debug/PackageFrameworks -F /Users/antefel/Library/Developer/Xcode/DerivedData/aws-sdk-swift_feat-lint-gygzbbdodvfhogetsuilkfrccplk/Build/Products/Debug/PackageFrameworks -F /Users/antefel/Library/Developer/Xcode/DerivedData/aws-sdk-swift_feat-lint-gygzbbdodvfhogetsuilkfrccplk/Build/Products/Debug/PackageFrameworks -F /Users/antefel/Library/Developer/Xcode/DerivedData/aws-sdk-swift_feat-lint-gygzbbdodvfhogetsuilkfrccplk/Build/Products/Debug/PackageFrameworks -F /Users/antefel/Library/Developer/Xcode/DerivedData/aws-sdk-swift_feat-lint-gygzbbdodvfhogetsuilkfrccplk/Build/Products/Debug/PackageFrameworks -F /Users/antefel/Library/Developer/Xcode/DerivedData/aws-sdk-swift_feat-lint-gygzbbdodvfhogetsuilkfrccplk/Build/Products/Debug/PackageFrameworks -F /Users/antefel/Library/Developer/Xcode/DerivedData/aws-sdk-swift_feat-lint-gygzbbdodvfhogetsuilkfrccplk/Build/Products/Debug/PackageFrameworks -F /Users/antefel/Library/Developer/Xcode/DerivedData/aws-sdk-swift_feat-lint-gygzbbdodvfhogetsuilkfrccplk/Build/Products/Debug/PackageFrameworks -F /Users/antefel/Library/Developer/Xcode/DerivedData/aws-sdk-swift_feat-lint-gygzbbdodvfhogetsuilkfrccplk/Build/Products/Debug/PackageFrameworks -F /Users/antefel/Library/Developer/Xcode/DerivedData/aws-sdk-swift_feat-lint-gygzbbdodvfhogetsuilkfrccplk/Build/Products/Debug/PackageFrameworks -F /Users/antefel/Library/Developer/Xcode/DerivedData/aws-sdk-swift_feat-lint-gygzbbdodvfhogetsuilkfrccplk/Build/Products/Debug/PackageFrameworks -F /Users/antefel/Library/Developer/Xcode/DerivedData/aws-sdk-swift_feat-lint-gygzbbdodvfhogetsuilkfrccplk/Build/Products/Debug/PackageFrameworks -F /Users/antefel/Library/Developer/Xcode/DerivedData/aws-sdk-swift_feat-lint-gygzbbdodvfhogetsuilkfrccplk/Build/Products/Debug/PackageFrameworks -F /Users/antefel/Library/Developer/Xcode/DerivedData/aws-sdk-swift_feat-lint-gygzbbdodvfhogetsuilkfrccplk/Build/Products/Debug/PackageFrameworks -F /Users/antefel/Library/Developer/Xcode/DerivedData/aws-sdk-swift_feat-lint-gygzbbdodvfhogetsuilkfrccplk/Build/Products/Debug -F /Applications/Xcode.app/Contents/Developer/Platforms/MacOSX.platform/Developer/Library/Frameworks -c -j10 -enable-batch-mode -incremental -Xcc -ivfsstatcache -Xcc /Users/antefel/Library/Developer/Xcode/DerivedData/SDKStatCaches.noindex/macosx26.1-25B74-3ae1261907bdadc328169391a47051a6.sdkstatcache -output-file-map /Users/antefel/Library/Developer/Xcode/DerivedData/aws-sdk-swift_feat-lint-gygzbbdodvfhogetsuilkfrccplk/Build/Intermediates.noindex/aws-sdk-swift.build/Debug/AWSSDKIdentity.build/Objects-normal/arm64/AWSSDKIdentity-OutputFileMap.json -use-frontend-parseable-output -save-temps -no-color-diagnostics -explicit-module-build -module-cache-path /Users/antefel/Library/Developer/Xcode/DerivedData/aws-sdk-swift_feat-lint-gygzbbdodvfhogetsuilkfrccplk/Build/Intermediates.noindex/SwiftExplicitPrecompiledModules -clang-scanner-module-cache-path /Users/antefel/Library/Developer/Xcode/DerivedData/ModuleCache.noindex -sdk-module-cache-path /Users/antefel/Library/Developer/Xcode/DerivedData/ModuleCache.noindex -serialize-diagnostics -emit-dependencies -emit-module -emit-module-path /Users/antefel/Library/Developer/Xcode/DerivedData/aws-sdk-swift_feat-lint-gygzbbdodvfhogetsuilkfrccplk/Build/Intermediates.noindex/aws-sdk-swift.build/Debug/AWSSDKIdentity.build/Objects-normal/arm64/AWSSDKIdentity.swiftmodule -validate-clang-modules-once -clang-build-session-file /Users/antefel/Library/Developer/Xcode/DerivedData/ModuleCache.noindex/Session.modulevalidation -package-name aws_sdk_swift_feat_lint -Xcc -I/Users/antefel/Library/Developer/Xcode/DerivedData/aws-sdk-swift_feat-lint-gygzbbdodvfhogetsuilkfrccplk/Build/Intermediates.noindex/aws-sdk-swift.build/Debug/AWSSDKIdentity.build/swift-overrides.hmap -emit-const-values -Xfrontend -const-gather-protocols-file -Xfrontend /Users/antefel/Library/Developer/Xcode/DerivedData/aws-sdk-swift_feat-lint-gygzbbdodvfhogetsuilkfrccplk/Build/Intermediates.noindex/aws-sdk-swift.build/Debug/AWSSDKIdentity.build/Objects-normal/arm64/AWSSDKIdentity_const_extract_protocols.json -Xcc -I/Users/antefel/Library/Developer/Xcode/DerivedData/aws-sdk-swift_feat-lint-gygzbbdodvfhogetsuilkfrccplk/SourcePackages/checkouts/aws-crt-swift/aws-common-runtime/aws-c-mqtt/include -Xcc -I/Users/antefel/Library/Developer/Xcode/DerivedData/aws-sdk-swift_feat-lint-gygzbbdodvfhogetsuilkfrccplk/SourcePackages/checkouts/aws-crt-swift/aws-common-runtime/aws-c-event-stream/include -Xcc -I/Users/antefel/Library/Developer/Xcode/DerivedData/aws-sdk-swift_feat-lint-gygzbbdodvfhogetsuilkfrccplk/SourcePackages/checkouts/aws-crt-swift/aws-common-runtime/aws-checksums/include -Xcc -I/Users/antefel/Library/Developer/Xcode/DerivedData/aws-sdk-swift_feat-lint-gygzbbdodvfhogetsuilkfrccplk/SourcePackages/checkouts/aws-crt-swift/aws-common-runtime/aws-c-auth/include -Xcc -I/Users/antefel/Library/Developer/Xcode/DerivedData/aws-sdk-swift_feat-lint-gygzbbdodvfhogetsuilkfrccplk/SourcePackages/checkouts/aws-crt-swift/aws-common-runtime/aws-c-sdkutils/include -Xcc -I/Users/antefel/Library/Developer/Xcode/DerivedData/aws-sdk-swift_feat-lint-gygzbbdodvfhogetsuilkfrccplk/SourcePackages/checkouts/aws-crt-swift/aws-common-runtime/aws-c-http/include -Xcc -I/Users/antefel/Library/Developer/Xcode/DerivedData/aws-sdk-swift_feat-lint-gygzbbdodvfhogetsuilkfrccplk/SourcePackages/checkouts/aws-crt-swift/aws-common-runtime/aws-c-io/include -Xcc -I/Users/antefel/Library/Developer/Xcode/DerivedData/aws-sdk-swift_feat-lint-gygzbbdodvfhogetsuilkfrccplk/SourcePackages/checkouts/aws-crt-swift/aws-common-runtime/aws-c-cal/include -Xcc -I/Users/antefel/Library/Developer/Xcode/DerivedData/aws-sdk-swift_feat-lint-gygzbbdodvfhogetsuilkfrccplk/SourcePackages/checkouts/aws-crt-swift/aws-common-runtime/aws-c-compression/include -Xcc -I/Users/antefel/Library/Developer/Xcode/DerivedData/aws-sdk-swift_feat-lint-gygzbbdodvfhogetsuilkfrccplk/SourcePackages/checkouts/aws-crt-swift/aws-common-runtime/aws-c-common/include -Xcc -I/Users/antefel/Library/Developer/Xcode/DerivedData/aws-sdk-swift_feat-lint-gygzbbdodvfhogetsuilkfrccplk/SourcePackages/checkouts/aws-crt-swift/aws-common-runtime/config -Xcc -I/Users/antefel/Library/Developer/Xcode/DerivedData/aws-sdk-swift_feat-lint-gygzbbdodvfhogetsuilkfrccplk/Build/Products/Debug/include -Xcc -I/Users/antefel/Library/Developer/Xcode/DerivedData/aws-sdk-swift_feat-lint-gygzbbdodvfhogetsuilkfrccplk/Build/Intermediates.noindex/aws-sdk-swift.build/Debug/AWSSDKIdentity.build/DerivedSources-normal/arm64 -Xcc -I/Users/antefel/Library/Developer/Xcode/DerivedData/aws-sdk-swift_feat-lint-gygzbbdodvfhogetsuilkfrccplk/Build/Intermediates.noindex/aws-sdk-swift.build/Debug/AWSSDKIdentity.build/DerivedSources/arm64 -Xcc -I/Users/antefel/Library/Developer/Xcode/DerivedData/aws-sdk-swift_feat-lint-gygzbbdodvfhogetsuilkfrccplk/Build/Intermediates.noindex/aws-sdk-swift.build/Debug/AWSSDKIdentity.build/DerivedSources -Xcc -DSWIFT_PACKAGE -Xcc -DDEBUG\=1 -emit-objc-header -emit-objc-header-path /Users/antefel/Library/Developer/Xcode/DerivedData/aws-sdk-swift_feat-lint-gygzbbdodvfhogetsuilkfrccplk/Build/Intermediates.noindex/aws-sdk-swift.build/Debug/AWSSDKIdentity.build/Objects-normal/arm64/AWSSDKIdentity-Swift.h -working-directory /Users/antefel/aws-sdk-swift_feat-lint/.swiftpm/xcode -experimental-emit-module-separately -disable-cmo

SwiftDriver\ Compilation\ Requirements AWSSDKIdentity normal arm64 com.apple.xcode.tools.swift.compiler (in target 'AWSSDKIdentity' from project 'aws-sdk-swift')
    cd /Users/antefel/aws-sdk-swift_feat-lint/.swiftpm/xcode
    builtin-Swift-Compilation-Requirements -- /Applications/Xcode.app/Contents/Developer/Toolchains/XcodeDefault.xctoolchain/usr/bin/swiftc -module-name AWSSDKIdentity -Onone -enforce-exclusivity\=checked @/Users/antefel/Library/Developer/Xcode/DerivedData/aws-sdk-swift_feat-lint-gygzbbdodvfhogetsuilkfrccplk/Build/Intermediates.noindex/aws-sdk-swift.build/Debug/AWSSDKIdentity.build/Objects-normal/arm64/AWSSDKIdentity.SwiftFileList -DSWIFT_PACKAGE -DDEBUG -DSWIFT_MODULE_RESOURCE_BUNDLE_UNAVAILABLE -Xcc -fmodule-map-file\=/Users/antefel/Library/Developer/Xcode/DerivedData/aws-sdk-swift_feat-lint-gygzbbdodvfhogetsuilkfrccplk/SourcePackages/checkouts/aws-crt-swift/Source/LibNative/module.modulemap -Xcc -fmodule-map-file\=/Users/antefel/Library/Developer/Xcode/DerivedData/aws-sdk-swift_feat-lint-gygzbbdodvfhogetsuilkfrccplk/Build/Intermediates.noindex/GeneratedModuleMaps/AwsCMqtt.modulemap -Xcc -fmodule-map-file\=/Users/antefel/Library/Developer/Xcode/DerivedData/aws-sdk-swift_feat-lint-gygzbbdodvfhogetsuilkfrccplk/Build/Intermediates.noindex/GeneratedModuleMaps/AwsCEventStream.modulemap -Xcc -fmodule-map-file\=/Users/antefel/Library/Developer/Xcode/DerivedData/aws-sdk-swift_feat-lint-gygzbbdodvfhogetsuilkfrccplk/Build/Intermediates.noindex/GeneratedModuleMaps/AwsCChecksums.modulemap -Xcc -fmodule-map-file\=/Users/antefel/Library/Developer/Xcode/DerivedData/aws-sdk-swift_feat-lint-gygzbbdodvfhogetsuilkfrccplk/Build/Intermediates.noindex/GeneratedModuleMaps/AwsCAuth.modulemap -Xcc -fmodule-map-file\=/Users/antefel/Library/Developer/Xcode/DerivedData/aws-sdk-swift_feat-lint-gygzbbdodvfhogetsuilkfrccplk/Build/Intermediates.noindex/GeneratedModuleMaps/AwsCSdkUtils.modulemap -Xcc -fmodule-map-file\=/Users/antefel/Library/Developer/Xcode/DerivedData/aws-sdk-swift_feat-lint-gygzbbdodvfhogetsuilkfrccplk/Build/Intermediates.noindex/GeneratedModuleMaps/AwsCHttp.modulemap -Xcc -fmodule-map-file\=/Users/antefel/Library/Developer/Xcode/DerivedData/aws-sdk-swift_feat-lint-gygzbbdodvfhogetsuilkfrccplk/Build/Intermediates.noindex/GeneratedModuleMaps/AwsCIo.modulemap -Xcc -fmodule-map-file\=/Users/antefel/Library/Developer/Xcode/DerivedData/aws-sdk-swift_feat-lint-gygzbbdodvfhogetsuilkfrccplk/Build/Intermediates.noindex/GeneratedModuleMaps/AwsCCal.modulemap -Xcc -fmodule-map-file\=/Users/antefel/Library/Developer/Xcode/DerivedData/aws-sdk-swift_feat-lint-gygzbbdodvfhogetsuilkfrccplk/Build/Intermediates.noindex/GeneratedModuleMaps/AwsCCompression.modulemap -Xcc -fmodule-map-file\=/Users/antefel/Library/Developer/Xcode/DerivedData/aws-sdk-swift_feat-lint-gygzbbdodvfhogetsuilkfrccplk/Build/Intermediates.noindex/GeneratedModuleMaps/AwsCCommon.modulemap -DXcode -plugin-path /Applications/Xcode.app/Contents/Developer/Toolchains/XcodeDefault.xctoolchain/usr/lib/swift/host/plugins/testing -enable-experimental-feature DebugDescriptionMacro -sdk /Applications/Xcode.app/Contents/Developer/Platforms/MacOSX.platform/Developer/SDKs/MacOSX26.1.sdk -target arm64-apple-macos12.0 -g -module-cache-path /Users/antefel/Library/Developer/Xcode/DerivedData/ModuleCache.noindex -Xfrontend -serialize-debugging-options -profile-coverage-mapping -profile-generate -enable-testing -index-store-path /Users/antefel/Library/Developer/Xcode/DerivedData/aws-sdk-swift_feat-lint-gygzbbdodvfhogetsuilkfrccplk/Index.noindex/DataStore -Xcc -D_LIBCPP_HARDENING_MODE\=_LIBCPP_HARDENING_MODE_DEBUG -swift-version 5 -I /Users/antefel/Library/Developer/Xcode/DerivedData/aws-sdk-swift_feat-lint-gygzbbdodvfhogetsuilkfrccplk/Build/Products/Debug -Isystem /Applications/Xcode.app/Contents/Developer/Platforms/MacOSX.platform/Developer/usr/lib -F /Users/antefel/Library/Developer/Xcode/DerivedData/aws-sdk-swift_feat-lint-gygzbbdodvfhogetsuilkfrccplk/Build/Products/Debug/PackageFrameworks -F /Users/antefel/Library/Developer/Xcode/DerivedData/aws-sdk-swift_feat-lint-gygzbbdodvfhogetsuilkfrccplk/Build/Products/Debug/PackageFrameworks -F /Users/antefel/Library/Developer/Xcode/DerivedData/aws-sdk-swift_feat-lint-gygzbbdodvfhogetsuilkfrccplk/Build/Products/Debug/PackageFrameworks -F /Users/antefel/Library/Developer/Xcode/DerivedData/aws-sdk-swift_feat-lint-gygzbbdodvfhogetsuilkfrccplk/Build/Products/Debug/PackageFrameworks -F /Users/antefel/Library/Developer/Xcode/DerivedData/aws-sdk-swift_feat-lint-gygzbbdodvfhogetsuilkfrccplk/Build/Products/Debug/PackageFrameworks -F /Users/antefel/Library/Developer/Xcode/DerivedData/aws-sdk-swift_feat-lint-gygzbbdodvfhogetsuilkfrccplk/Build/Products/Debug/PackageFrameworks -F /Users/antefel/Library/Developer/Xcode/DerivedData/aws-sdk-swift_feat-lint-gygzbbdodvfhogetsuilkfrccplk/Build/Products/Debug/PackageFrameworks -F /Users/antefel/Library/Developer/Xcode/DerivedData/aws-sdk-swift_feat-lint-gygzbbdodvfhogetsuilkfrccplk/Build/Products/Debug/PackageFrameworks -F /Users/antefel/Library/Developer/Xcode/DerivedData/aws-sdk-swift_feat-lint-gygzbbdodvfhogetsuilkfrccplk/Build/Products/Debug/PackageFrameworks -F /Users/antefel/Library/Developer/Xcode/DerivedData/aws-sdk-swift_feat-lint-gygzbbdodvfhogetsuilkfrccplk/Build/Products/Debug/PackageFrameworks -F /Users/antefel/Library/Developer/Xcode/DerivedData/aws-sdk-swift_feat-lint-gygzbbdodvfhogetsuilkfrccplk/Build/Products/Debug/PackageFrameworks -F /Users/antefel/Library/Developer/Xcode/DerivedData/aws-sdk-swift_feat-lint-gygzbbdodvfhogetsuilkfrccplk/Build/Products/Debug/PackageFrameworks -F /Users/antefel/Library/Developer/Xcode/DerivedData/aws-sdk-swift_feat-lint-gygzbbdodvfhogetsuilkfrccplk/Build/Products/Debug/PackageFrameworks -F /Users/antefel/Library/Developer/Xcode/DerivedData/aws-sdk-swift_feat-lint-gygzbbdodvfhogetsuilkfrccplk/Build/Products/Debug/PackageFrameworks -F /Users/antefel/Library/Developer/Xcode/DerivedData/aws-sdk-swift_feat-lint-gygzbbdodvfhogetsuilkfrccplk/Build/Products/Debug/PackageFrameworks -F /Users/antefel/Library/Developer/Xcode/DerivedData/aws-sdk-swift_feat-lint-gygzbbdodvfhogetsuilkfrccplk/Build/Products/Debug/PackageFrameworks -F /Users/antefel/Library/Developer/Xcode/DerivedData/aws-sdk-swift_feat-lint-gygzbbdodvfhogetsuilkfrccplk/Build/Products/Debug/PackageFrameworks -F /Users/antefel/Library/Developer/Xcode/DerivedData/aws-sdk-swift_feat-lint-gygzbbdodvfhogetsuilkfrccplk/Build/Products/Debug/PackageFrameworks -F /Users/antefel/Library/Developer/Xcode/DerivedData/aws-sdk-swift_feat-lint-gygzbbdodvfhogetsuilkfrccplk/Build/Products/Debug/PackageFrameworks -F /Users/antefel/Library/Developer/Xcode/DerivedData/aws-sdk-swift_feat-lint-gygzbbdodvfhogetsuilkfrccplk/Build/Products/Debug/PackageFrameworks -F /Users/antefel/Library/Developer/Xcode/DerivedData/aws-sdk-swift_feat-lint-gygzbbdodvfhogetsuilkfrccplk/Build/Products/Debug/PackageFrameworks -F /Users/antefel/Library/Developer/Xcode/DerivedData/aws-sdk-swift_feat-lint-gygzbbdodvfhogetsuilkfrccplk/Build/Products/Debug/PackageFrameworks -F /Users/antefel/Library/Developer/Xcode/DerivedData/aws-sdk-swift_feat-lint-gygzbbdodvfhogetsuilkfrccplk/Build/Products/Debug/PackageFrameworks -F /Users/antefel/Library/Developer/Xcode/DerivedData/aws-sdk-swift_feat-lint-gygzbbdodvfhogetsuilkfrccplk/Build/Products/Debug/PackageFrameworks -F /Users/antefel/Library/Developer/Xcode/DerivedData/aws-sdk-swift_feat-lint-gygzbbdodvfhogetsuilkfrccplk/Build/Products/Debug/PackageFrameworks -F /Users/antefel/Library/Developer/Xcode/DerivedData/aws-sdk-swift_feat-lint-gygzbbdodvfhogetsuilkfrccplk/Build/Products/Debug/PackageFrameworks -F /Users/antefel/Library/Developer/Xcode/DerivedData/aws-sdk-swift_feat-lint-gygzbbdodvfhogetsuilkfrccplk/Build/Products/Debug/PackageFrameworks -F /Users/antefel/Library/Developer/Xcode/DerivedData/aws-sdk-swift_feat-lint-gygzbbdodvfhogetsuilkfrccplk/Build/Products/Debug/PackageFrameworks -F /Users/antefel/Library/Developer/Xcode/DerivedData/aws-sdk-swift_feat-lint-gygzbbdodvfhogetsuilkfrccplk/Build/Products/Debug/PackageFrameworks -F /Users/antefel/Library/Developer/Xcode/DerivedData/aws-sdk-swift_feat-lint-gygzbbdodvfhogetsuilkfrccplk/Build/Products/Debug/PackageFrameworks -F /Users/antefel/Library/Developer/Xcode/DerivedData/aws-sdk-swift_feat-lint-gygzbbdodvfhogetsuilkfrccplk/Build/Products/Debug/PackageFrameworks -F /Users/antefel/Library/Developer/Xcode/DerivedData/aws-sdk-swift_feat-lint-gygzbbdodvfhogetsuilkfrccplk/Build/Products/Debug/PackageFrameworks -F /Users/antefel/Library/Developer/Xcode/DerivedData/aws-sdk-swift_feat-lint-gygzbbdodvfhogetsuilkfrccplk/Build/Products/Debug/PackageFrameworks -F /Users/antefel/Library/Developer/Xcode/DerivedData/aws-sdk-swift_feat-lint-gygzbbdodvfhogetsuilkfrccplk/Build/Products/Debug/PackageFrameworks -F /Users/antefel/Library/Developer/Xcode/DerivedData/aws-sdk-swift_feat-lint-gygzbbdodvfhogetsuilkfrccplk/Build/Products/Debug/PackageFrameworks -F /Users/antefel/Library/Developer/Xcode/DerivedData/aws-sdk-swift_feat-lint-gygzbbdodvfhogetsuilkfrccplk/Build/Products/Debug/PackageFrameworks -F /Users/antefel/Library/Developer/Xcode/DerivedData/aws-sdk-swift_feat-lint-gygzbbdodvfhogetsuilkfrccplk/Build/Products/Debug/PackageFrameworks -F /Users/antefel/Library/Developer/Xcode/DerivedData/aws-sdk-swift_feat-lint-gygzbbdodvfhogetsuilkfrccplk/Build/Products/Debug/PackageFrameworks -F /Users/antefel/Library/Developer/Xcode/DerivedData/aws-sdk-swift_feat-lint-gygzbbdodvfhogetsuilkfrccplk/Build/Products/Debug/PackageFrameworks -F /Users/antefel/Library/Developer/Xcode/DerivedData/aws-sdk-swift_feat-lint-gygzbbdodvfhogetsuilkfrccplk/Build/Products/Debug/PackageFrameworks -F /Users/antefel/Library/Developer/Xcode/DerivedData/aws-sdk-swift_feat-lint-gygzbbdodvfhogetsuilkfrccplk/Build/Products/Debug/PackageFrameworks -F /Users/antefel/Library/Developer/Xcode/DerivedData/aws-sdk-swift_feat-lint-gygzbbdodvfhogetsuilkfrccplk/Build/Products/Debug/PackageFrameworks -F /Users/antefel/Library/Developer/Xcode/DerivedData/aws-sdk-swift_feat-lint-gygzbbdodvfhogetsuilkfrccplk/Build/Products/Debug/PackageFrameworks -F /Users/antefel/Library/Developer/Xcode/DerivedData/aws-sdk-swift_feat-lint-gygzbbdodvfhogetsuilkfrccplk/Build/Products/Debug/PackageFrameworks -F /Users/antefel/Library/Developer/Xcode/DerivedData/aws-sdk-swift_feat-lint-gygzbbdodvfhogetsuilkfrccplk/Build/Products/Debug/PackageFrameworks -F /Users/antefel/Library/Developer/Xcode/DerivedData/aws-sdk-swift_feat-lint-gygzbbdodvfhogetsuilkfrccplk/Build/Products/Debug/PackageFrameworks -F /Users/antefel/Library/Developer/Xcode/DerivedData/aws-sdk-swift_feat-lint-gygzbbdodvfhogetsuilkfrccplk/Build/Products/Debug/PackageFrameworks -F /Users/antefel/Library/Developer/Xcode/DerivedData/aws-sdk-swift_feat-lint-gygzbbdodvfhogetsuilkfrccplk/Build/Products/Debug/PackageFrameworks -F /Users/antefel/Library/Developer/Xcode/DerivedData/aws-sdk-swift_feat-lint-gygzbbdodvfhogetsuilkfrccplk/Build/Products/Debug/PackageFrameworks -F /Users/antefel/Library/Developer/Xcode/DerivedData/aws-sdk-swift_feat-lint-gygzbbdodvfhogetsuilkfrccplk/Build/Products/Debug/PackageFrameworks -F /Users/antefel/Library/Developer/Xcode/DerivedData/aws-sdk-swift_feat-lint-gygzbbdodvfhogetsuilkfrccplk/Build/Products/Debug/PackageFrameworks -F /Users/antefel/Library/Developer/Xcode/DerivedData/aws-sdk-swift_feat-lint-gygzbbdodvfhogetsuilkfrccplk/Build/Products/Debug/PackageFrameworks -F /Users/antefel/Library/Developer/Xcode/DerivedData/aws-sdk-swift_feat-lint-gygzbbdodvfhogetsuilkfrccplk/Build/Products/Debug/PackageFrameworks -F /Users/antefel/Library/Developer/Xcode/DerivedData/aws-sdk-swift_feat-lint-gygzbbdodvfhogetsuilkfrccplk/Build/Products/Debug/PackageFrameworks -F /Users/antefel/Library/Developer/Xcode/DerivedData/aws-sdk-swift_feat-lint-gygzbbdodvfhogetsuilkfrccplk/Build/Products/Debug/PackageFrameworks -F /Users/antefel/Library/Developer/Xcode/DerivedData/aws-sdk-swift_feat-lint-gygzbbdodvfhogetsuilkfrccplk/Build/Products/Debug/PackageFrameworks -F /Users/antefel/Library/Developer/Xcode/DerivedData/aws-sdk-swift_feat-lint-gygzbbdodvfhogetsuilkfrccplk/Build/Products/Debug -F /Applications/Xcode.app/Contents/Developer/Platforms/MacOSX.platform/Developer/Library/Frameworks -c -j10 -enable-batch-mode -incremental -Xcc -ivfsstatcache -Xcc /Users/antefel/Library/Developer/Xcode/DerivedData/SDKStatCaches.noindex/macosx26.1-25B74-3ae1261907bdadc328169391a47051a6.sdkstatcache -output-file-map /Users/antefel/Library/Developer/Xcode/DerivedData/aws-sdk-swift_feat-lint-gygzbbdodvfhogetsuilkfrccplk/Build/Intermediates.noindex/aws-sdk-swift.build/Debug/AWSSDKIdentity.build/Objects-normal/arm64/AWSSDKIdentity-OutputFileMap.json -use-frontend-parseable-output -save-temps -no-color-diagnostics -explicit-module-build -module-cache-path /Users/antefel/Library/Developer/Xcode/DerivedData/aws-sdk-swift_feat-lint-gygzbbdodvfhogetsuilkfrccplk/Build/Intermediates.noindex/SwiftExplicitPrecompiledModules -clang-scanner-module-cache-path /Users/antefel/Library/Developer/Xcode/DerivedData/ModuleCache.noindex -sdk-module-cache-path /Users/antefel/Library/Developer/Xcode/DerivedData/ModuleCache.noindex -serialize-diagnostics -emit-dependencies -emit-module -emit-module-path /Users/antefel/Library/Developer/Xcode/DerivedData/aws-sdk-swift_feat-lint-gygzbbdodvfhogetsuilkfrccplk/Build/Intermediates.noindex/aws-sdk-swift.build/Debug/AWSSDKIdentity.build/Objects-normal/arm64/AWSSDKIdentity.swiftmodule -validate-clang-modules-once -clang-build-session-file /Users/antefel/Library/Developer/Xcode/DerivedData/ModuleCache.noindex/Session.modulevalidation -package-name aws_sdk_swift_feat_lint -Xcc -I/Users/antefel/Library/Developer/Xcode/DerivedData/aws-sdk-swift_feat-lint-gygzbbdodvfhogetsuilkfrccplk/Build/Intermediates.noindex/aws-sdk-swift.build/Debug/AWSSDKIdentity.build/swift-overrides.hmap -emit-const-values -Xfrontend -const-gather-protocols-file -Xfrontend /Users/antefel/Library/Developer/Xcode/DerivedData/aws-sdk-swift_feat-lint-gygzbbdodvfhogetsuilkfrccplk/Build/Intermediates.noindex/aws-sdk-swift.build/Debug/AWSSDKIdentity.build/Objects-normal/arm64/AWSSDKIdentity_const_extract_protocols.json -Xcc -I/Users/antefel/Library/Developer/Xcode/DerivedData/aws-sdk-swift_feat-lint-gygzbbdodvfhogetsuilkfrccplk/SourcePackages/checkouts/aws-crt-swift/aws-common-runtime/aws-c-mqtt/include -Xcc -I/Users/antefel/Library/Developer/Xcode/DerivedData/aws-sdk-swift_feat-lint-gygzbbdodvfhogetsuilkfrccplk/SourcePackages/checkouts/aws-crt-swift/aws-common-runtime/aws-c-event-stream/include -Xcc -I/Users/antefel/Library/Developer/Xcode/DerivedData/aws-sdk-swift_feat-lint-gygzbbdodvfhogetsuilkfrccplk/SourcePackages/checkouts/aws-crt-swift/aws-common-runtime/aws-checksums/include -Xcc -I/Users/antefel/Library/Developer/Xcode/DerivedData/aws-sdk-swift_feat-lint-gygzbbdodvfhogetsuilkfrccplk/SourcePackages/checkouts/aws-crt-swift/aws-common-runtime/aws-c-auth/include -Xcc -I/Users/antefel/Library/Developer/Xcode/DerivedData/aws-sdk-swift_feat-lint-gygzbbdodvfhogetsuilkfrccplk/SourcePackages/checkouts/aws-crt-swift/aws-common-runtime/aws-c-sdkutils/include -Xcc -I/Users/antefel/Library/Developer/Xcode/DerivedData/aws-sdk-swift_feat-lint-gygzbbdodvfhogetsuilkfrccplk/SourcePackages/checkouts/aws-crt-swift/aws-common-runtime/aws-c-http/include -Xcc -I/Users/antefel/Library/Developer/Xcode/DerivedData/aws-sdk-swift_feat-lint-gygzbbdodvfhogetsuilkfrccplk/SourcePackages/checkouts/aws-crt-swift/aws-common-runtime/aws-c-io/include -Xcc -I/Users/antefel/Library/Developer/Xcode/DerivedData/aws-sdk-swift_feat-lint-gygzbbdodvfhogetsuilkfrccplk/SourcePackages/checkouts/aws-crt-swift/aws-common-runtime/aws-c-cal/include -Xcc -I/Users/antefel/Library/Developer/Xcode/DerivedData/aws-sdk-swift_feat-lint-gygzbbdodvfhogetsuilkfrccplk/SourcePackages/checkouts/aws-crt-swift/aws-common-runtime/aws-c-compression/include -Xcc -I/Users/antefel/Library/Developer/Xcode/DerivedData/aws-sdk-swift_feat-lint-gygzbbdodvfhogetsuilkfrccplk/SourcePackages/checkouts/aws-crt-swift/aws-common-runtime/aws-c-common/include -Xcc -I/Users/antefel/Library/Developer/Xcode/DerivedData/aws-sdk-swift_feat-lint-gygzbbdodvfhogetsuilkfrccplk/SourcePackages/checkouts/aws-crt-swift/aws-common-runtime/config -Xcc -I/Users/antefel/Library/Developer/Xcode/DerivedData/aws-sdk-swift_feat-lint-gygzbbdodvfhogetsuilkfrccplk/Build/Products/Debug/include -Xcc -I/Users/antefel/Library/Developer/Xcode/DerivedData/aws-sdk-swift_feat-lint-gygzbbdodvfhogetsuilkfrccplk/Build/Intermediates.noindex/aws-sdk-swift.build/Debug/AWSSDKIdentity.build/DerivedSources-normal/arm64 -Xcc -I/Users/antefel/Library/Developer/Xcode/DerivedData/aws-sdk-swift_feat-lint-gygzbbdodvfhogetsuilkfrccplk/Build/Intermediates.noindex/aws-sdk-swift.build/Debug/AWSSDKIdentity.build/DerivedSources/arm64 -Xcc -I/Users/antefel/Library/Developer/Xcode/DerivedData/aws-sdk-swift_feat-lint-gygzbbdodvfhogetsuilkfrccplk/Build/Intermediates.noindex/aws-sdk-swift.build/Debug/AWSSDKIdentity.build/DerivedSources -Xcc -DSWIFT_PACKAGE -Xcc -DDEBUG\=1 -emit-objc-header -emit-objc-header-path /Users/antefel/Library/Developer/Xcode/DerivedData/aws-sdk-swift_feat-lint-gygzbbdodvfhogetsuilkfrccplk/Build/Intermediates.noindex/aws-sdk-swift.build/Debug/AWSSDKIdentity.build/Objects-normal/arm64/AWSSDKIdentity-Swift.h -working-directory /Users/antefel/aws-sdk-swift_feat-lint/.swiftpm/xcode -experimental-emit-module-separately -disable-cmo

Copy /Users/antefel/Library/Developer/Xcode/DerivedData/aws-sdk-swift_feat-lint-gygzbbdodvfhogetsuilkfrccplk/Build/Products/Debug/AWSSDKIdentity.swiftmodule/arm64-apple-macos.abi.json /Users/antefel/Library/Developer/Xcode/DerivedData/aws-sdk-swift_feat-lint-gygzbbdodvfhogetsuilkfrccplk/Build/Intermediates.noindex/aws-sdk-swift.build/Debug/AWSSDKIdentity.build/Objects-normal/arm64/AWSSDKIdentity.abi.json (in target 'AWSSDKIdentity' from project 'aws-sdk-swift')
    cd /Users/antefel/aws-sdk-swift_feat-lint
    builtin-copy -exclude .DS_Store -exclude CVS -exclude .svn -exclude .git -exclude .hg -resolve-src-symlinks -rename /Users/antefel/Library/Developer/Xcode/DerivedData/aws-sdk-swift_feat-lint-gygzbbdodvfhogetsuilkfrccplk/Build/Intermediates.noindex/aws-sdk-swift.build/Debug/AWSSDKIdentity.build/Objects-normal/arm64/AWSSDKIdentity.abi.json /Users/antefel/Library/Developer/Xcode/DerivedData/aws-sdk-swift_feat-lint-gygzbbdodvfhogetsuilkfrccplk/Build/Products/Debug/AWSSDKIdentity.swiftmodule/arm64-apple-macos.abi.json

** BUILD SUCCEEDED **

